#
# There is insufficient memory for the Java Runtime Environment to continue.
# Native memory allocation (malloc) failed to allocate 1466256 bytes. Error detail: Chunk::new
# Possible reasons:
#   The system is out of physical RAM or swap space
#   This process is running with CompressedOops enabled, and the Java Heap may be blocking the growth of the native heap
# Possible solutions:
#   Reduce memory load on the system
#   Increase physical memory or swap space
#   Check if swap backing store is full
#   Decrease Java heap size (-Xmx/-Xms)
#   Decrease number of Java threads
#   Decrease Java thread stack sizes (-Xss)
#   Set larger code cache with -XX:ReservedCodeCacheSize=
#   JVM is running with Unscaled Compressed Oops mode in which the Java heap is
#     placed in the first 4GB address space. The Java Heap base address is the
#     maximum limit for the native heap growth. Please use -XX:HeapBaseMinAddress
#     to set the Java Heap base and to place the Java Heap above 4GB virtual address.
# This output file may be truncated or incomplete.
#
#  Out of Memory Error (arena.cpp:191), pid=27336, tid=27100
#
# JRE version: OpenJDK Runtime Environment Temurin-17.0.17+10 (17.0.17+10) (build 17.0.17+10)
# Java VM: OpenJDK 64-Bit Server VM Temurin-17.0.17+10 (17.0.17+10, mixed mode, sharing, tiered, compressed oops, compressed class ptrs, g1 gc, windows-amd64)
# No core dump will be written. Minidumps are not enabled by default on client versions of Windows
#

---------------  S U M M A R Y ------------

Command Line: --add-opens=java.base/java.lang=ALL-UNNAMED --add-opens=java.base/java.lang.invoke=ALL-UNNAMED --add-opens=java.base/java.util=ALL-UNNAMED --add-opens=java.prefs/java.util.prefs=ALL-UNNAMED --add-exports=jdk.compiler/com.sun.tools.javac.api=ALL-UNNAMED --add-exports=jdk.compiler/com.sun.tools.javac.util=ALL-UNNAMED --add-opens=java.base/java.util=ALL-UNNAMED --add-opens=java.prefs/java.util.prefs=ALL-UNNAMED --add-opens=java.base/java.nio.charset=ALL-UNNAMED --add-opens=java.base/java.net=ALL-UNNAMED --add-opens=java.base/java.util.concurrent.atomic=ALL-UNNAMED --add-opens=java.xml/javax.xml.namespace=ALL-UNNAMED -XX:MaxMetaspaceSize=384m -XX:+HeapDumpOnOutOfMemoryError -Xms256m -Xmx512m -Dfile.encoding=windows-1252 -Duser.country=IN -Duser.language=en -Duser.variant -javaagent:C:\Users\Lenovo\.gradle\wrapper\dists\gradle-8.14-bin\38aieal9i53h9rfe7vjup95b9\gradle-8.14\lib\agents\gradle-instrumentation-agent-8.14.jar org.gradle.launcher.daemon.bootstrap.GradleDaemon 8.14

Host: AMD Ryzen 5 5500U with Radeon Graphics         , 12 cores, 5G,  Windows 11 , 64 bit Build 26100 (10.0.26100.7623)
Time: Tue Feb  3 01:03:46 2026 W. Europe Standard Time elapsed time: 54.416860 seconds (0d 0h 0m 54s)

---------------  T H R E A D  ---------------

Current thread (0x00000146ed6b90f0):  JavaThread "C2 CompilerThread0" daemon [_thread_in_native, id=27100, stack(0x00000041b4600000,0x00000041b4700000)]


Current CompileTask:
C2:54417 5249   !   4       com.google.common.reflect.TypeVisitor::visit (225 bytes)

Stack: [0x00000041b4600000,0x00000041b4700000]
Native frames: (J=compiled Java code, j=interpreted, Vv=VM code, C=native code)
V  [jvm.dll+0x683fb9]
V  [jvm.dll+0x83a1b5]
V  [jvm.dll+0x83bc2e]
V  [jvm.dll+0x83c2b3]
V  [jvm.dll+0x248eff]
V  [jvm.dll+0xad496]
V  [jvm.dll+0xadb3c]
V  [jvm.dll+0x3689ef]
V  [jvm.dll+0x332fa5]
V  [jvm.dll+0x33240a]
V  [jvm.dll+0x219db9]
V  [jvm.dll+0x219200]
V  [jvm.dll+0x1a4920]
V  [jvm.dll+0x22989a]
V  [jvm.dll+0x227a4b]
V  [jvm.dll+0x7effb8]
V  [jvm.dll+0x7ea44c]
V  [jvm.dll+0x682e87]
C  [ucrtbase.dll+0x37b0]
C  [KERNEL32.DLL+0x2e8d7]
C  [ntdll.dll+0x8c53c]


---------------  P R O C E S S  ---------------

Threads class SMR info:
_java_thread_list=0x00000146f4901520, length=39, elements={
0x00000146d092b830, 0x00000146ed69bb80, 0x00000146ed69c650, 0x00000146ed6af930,
0x00000146ed6b2310, 0x00000146ed6b5390, 0x00000146ed6b8440, 0x00000146ed6b90f0,
0x00000146ed6b6d20, 0x00000146ed6b7630, 0x00000146ed8c5bb0, 0x00000146ed9ef910,
0x00000146f29e1210, 0x00000146f2cfd8d0, 0x00000146f2e14b00, 0x00000146f2946700,
0x00000146ed9536e0, 0x00000146f32b0f60, 0x00000146f32b32d0, 0x00000146f32b1470,
0x00000146f32b1980, 0x00000146f32b2dc0, 0x00000146f32b4200, 0x00000146f32b4710,
0x00000146f32b23a0, 0x00000146f3fa75e0, 0x00000146f3fa7af0, 0x00000146f3fa8a20,
0x00000146f3fa61a0, 0x00000146f3fa70d0, 0x00000146f3fa9950, 0x00000146f3fa9e60,
0x00000146f3faa370, 0x00000146f3fa6bc0, 0x00000146f3faa880, 0x00000146f3faad90,
0x00000146f3fabcc0, 0x00000146f3facbf0, 0x00000146f3fac6e0
}

Java Threads: ( => current thread )
  0x00000146d092b830 JavaThread "main" [_thread_blocked, id=22016, stack(0x00000041b3900000,0x00000041b3a00000)]
  0x00000146ed69bb80 JavaThread "Reference Handler" daemon [_thread_blocked, id=5444, stack(0x00000041b4000000,0x00000041b4100000)]
  0x00000146ed69c650 JavaThread "Finalizer" daemon [_thread_blocked, id=11640, stack(0x00000041b4100000,0x00000041b4200000)]
  0x00000146ed6af930 JavaThread "Signal Dispatcher" daemon [_thread_blocked, id=11424, stack(0x00000041b4200000,0x00000041b4300000)]
  0x00000146ed6b2310 JavaThread "Attach Listener" daemon [_thread_blocked, id=17148, stack(0x00000041b4300000,0x00000041b4400000)]
  0x00000146ed6b5390 JavaThread "Service Thread" daemon [_thread_blocked, id=3452, stack(0x00000041b4400000,0x00000041b4500000)]
  0x00000146ed6b8440 JavaThread "Monitor Deflation Thread" daemon [_thread_blocked, id=17664, stack(0x00000041b4500000,0x00000041b4600000)]
=>0x00000146ed6b90f0 JavaThread "C2 CompilerThread0" daemon [_thread_in_native, id=27100, stack(0x00000041b4600000,0x00000041b4700000)]
  0x00000146ed6b6d20 JavaThread "C1 CompilerThread0" daemon [_thread_blocked, id=8856, stack(0x00000041b4700000,0x00000041b4800000)]
  0x00000146ed6b7630 JavaThread "Sweeper thread" daemon [_thread_blocked, id=14900, stack(0x00000041b4800000,0x00000041b4900000)]
  0x00000146ed8c5bb0 JavaThread "Common-Cleaner" daemon [_thread_blocked, id=13288, stack(0x00000041b4900000,0x00000041b4a00000)]
  0x00000146ed9ef910 JavaThread "Notification Thread" daemon [_thread_blocked, id=28144, stack(0x00000041b4a00000,0x00000041b4b00000)]
  0x00000146f29e1210 JavaThread "Daemon health stats" [_thread_blocked, id=9392, stack(0x00000041b5200000,0x00000041b5300000)]
  0x00000146f2cfd8d0 JavaThread "Incoming local TCP Connector on port 49775" [_thread_in_native, id=20484, stack(0x00000041b5300000,0x00000041b5400000)]
  0x00000146f2e14b00 JavaThread "Daemon periodic checks" [_thread_blocked, id=26060, stack(0x00000041b5400000,0x00000041b5500000)]
  0x00000146f2946700 JavaThread "Daemon" [_thread_blocked, id=8404, stack(0x00000041b5500000,0x00000041b5600000)]
  0x00000146ed9536e0 JavaThread "Handler for socket connection from /127.0.0.1:49775 to /127.0.0.1:49776" [_thread_in_native, id=11444, stack(0x00000041b5600000,0x00000041b5700000)]
  0x00000146f32b0f60 JavaThread "Cancel handler" [_thread_blocked, id=13952, stack(0x00000041b5700000,0x00000041b5800000)]
  0x00000146f32b32d0 JavaThread "Daemon worker" [_thread_in_Java, id=29308, stack(0x00000041b5800000,0x00000041b5900000)]
  0x00000146f32b1470 JavaThread "Asynchronous log dispatcher for DefaultDaemonConnection: socket connection from /127.0.0.1:49775 to /127.0.0.1:49776" [_thread_blocked, id=3112, stack(0x00000041b5900000,0x00000041b5a00000)]
  0x00000146f32b1980 JavaThread "Stdin handler" [_thread_blocked, id=21560, stack(0x00000041b5a00000,0x00000041b5b00000)]
  0x00000146f32b2dc0 JavaThread "Daemon client event forwarder" [_thread_blocked, id=21632, stack(0x00000041b5b00000,0x00000041b5c00000)]
  0x00000146f32b4200 JavaThread "Cache worker for journal cache (C:\Users\Lenovo\.gradle\caches\journal-1)" [_thread_blocked, id=30684, stack(0x00000041b5c00000,0x00000041b5d00000)]
  0x00000146f32b4710 JavaThread "File lock request listener" [_thread_in_native, id=25644, stack(0x00000041b5d00000,0x00000041b5e00000)]
  0x00000146f32b23a0 JavaThread "Cache worker for file hash cache (C:\Users\Lenovo\.gradle\caches\8.14\fileHashes)" [_thread_blocked, id=30812, stack(0x00000041b5e00000,0x00000041b5f00000)]
  0x00000146f3fa75e0 JavaThread "Cache worker for file hash cache (C:\Users\Lenovo\Ashna-Mekkayil\task2-mobile-e2e\.gradle\8.14\fileHashes)" [_thread_blocked, id=24520, stack(0x00000041b5f00000,0x00000041b6000000)]
  0x00000146f3fa7af0 JavaThread "Cache worker for Build Output Cleanup Cache (C:\Users\Lenovo\Ashna-Mekkayil\task2-mobile-e2e\.gradle\buildOutputCleanup)" [_thread_blocked, id=15700, stack(0x00000041b6000000,0x00000041b6100000)]
  0x00000146f3fa8a20 JavaThread "File watcher server" daemon [_thread_in_native, id=21192, stack(0x00000041b6700000,0x00000041b6800000)]
  0x00000146f3fa61a0 JavaThread "File watcher consumer" daemon [_thread_blocked, id=16336, stack(0x00000041b6800000,0x00000041b6900000)]
  0x00000146f3fa70d0 JavaThread "File lock release action executor" [_thread_blocked, id=18120, stack(0x00000041b6900000,0x00000041b6a00000)]
  0x00000146f3fa9950 JavaThread "jar transforms" [_thread_blocked, id=17300, stack(0x00000041b6a00000,0x00000041b6b00000)]
  0x00000146f3fa9e60 JavaThread "jar transforms Thread 2" [_thread_blocked, id=19436, stack(0x00000041b6b00000,0x00000041b6c00000)]
  0x00000146f3faa370 JavaThread "Cache worker for checksums cache (C:\Users\Lenovo\Ashna-Mekkayil\task2-mobile-e2e\.gradle\8.14\checksums)" [_thread_blocked, id=3920, stack(0x00000041b6c00000,0x00000041b6d00000)]
  0x00000146f3fa6bc0 JavaThread "Cache worker for file content cache (C:\Users\Lenovo\.gradle\caches\8.14\fileContent)" [_thread_blocked, id=26556, stack(0x00000041b6d00000,0x00000041b6e00000)]
  0x00000146f3faa880 JavaThread "Cache worker for cache directory md-supplier (C:\Users\Lenovo\.gradle\caches\8.14\md-supplier)" [_thread_blocked, id=31608, stack(0x00000041b7100000,0x00000041b7200000)]
  0x00000146f3faad90 JavaThread "Cache worker for cache directory md-rule (C:\Users\Lenovo\.gradle\caches\8.14\md-rule)" [_thread_blocked, id=23080, stack(0x00000041b7200000,0x00000041b7300000)]
  0x00000146f3fabcc0 JavaThread "jar transforms Thread 3" [_thread_blocked, id=28284, stack(0x00000041b7300000,0x00000041b7400000)]
  0x00000146f3facbf0 JavaThread "Memory manager" [_thread_blocked, id=25060, stack(0x00000041b7400000,0x00000041b7500000)]
  0x00000146f3fac6e0 JavaThread "jar transforms Thread 4" [_thread_blocked, id=12736, stack(0x00000041b7500000,0x00000041b7600000)]

Other Threads:
  0x00000146ed6933e0 VMThread "VM Thread" [stack: 0x00000041b3f00000,0x00000041b4000000] [id=26212]
  0x00000146d092c4c0 WatcherThread [stack: 0x00000041b4b00000,0x00000041b4c00000] [id=18792]
  0x00000146d0959320 GCTaskThread "GC Thread#0" [stack: 0x00000041b3a00000,0x00000041b3b00000] [id=26020]
  0x00000146edb11930 GCTaskThread "GC Thread#1" [stack: 0x00000041b4c00000,0x00000041b4d00000] [id=12012]
  0x00000146edafddb0 GCTaskThread "GC Thread#2" [stack: 0x00000041b4d00000,0x00000041b4e00000] [id=28588]
  0x00000146edafe070 GCTaskThread "GC Thread#3" [stack: 0x00000041b4e00000,0x00000041b4f00000] [id=8132]
  0x00000146eda9cb40 GCTaskThread "GC Thread#4" [stack: 0x00000041b4f00000,0x00000041b5000000] [id=29212]
  0x00000146eda9d610 GCTaskThread "GC Thread#5" [stack: 0x00000041b5000000,0x00000041b5100000] [id=12848]
  0x00000146f3156580 GCTaskThread "GC Thread#6" [stack: 0x00000041b6100000,0x00000041b6200000] [id=27816]
  0x00000146f3156b00 GCTaskThread "GC Thread#7" [stack: 0x00000041b6200000,0x00000041b6300000] [id=5612]
  0x00000146f3156840 GCTaskThread "GC Thread#8" [stack: 0x00000041b6300000,0x00000041b6400000] [id=25580]
  0x00000146f3156dc0 GCTaskThread "GC Thread#9" [stack: 0x00000041b6400000,0x00000041b6500000] [id=6576]
  0x00000146d095eec0 ConcurrentGCThread "G1 Main Marker" [stack: 0x00000041b3b00000,0x00000041b3c00000] [id=27908]
  0x00000146d095f7f0 ConcurrentGCThread "G1 Conc#0" [stack: 0x00000041b3c00000,0x00000041b3d00000] [id=8256]
  0x00000146f3157080 ConcurrentGCThread "G1 Conc#1" [stack: 0x00000041b6500000,0x00000041b6600000] [id=3520]
  0x00000146f3157340 ConcurrentGCThread "G1 Conc#2" [stack: 0x00000041b6600000,0x00000041b6700000] [id=29344]
  0x00000146d09ddde0 ConcurrentGCThread "G1 Refine#0" [stack: 0x00000041b3d00000,0x00000041b3e00000] [id=27612]
  0x00000146f3d48c30 ConcurrentGCThread "G1 Refine#1" [stack: 0x00000041b6e00000,0x00000041b6f00000] [id=31544]
  0x00000146f3c72490 ConcurrentGCThread "G1 Refine#2" [stack: 0x00000041b6f00000,0x00000041b7000000] [id=10200]
  0x00000146d09de720 ConcurrentGCThread "G1 Service" [stack: 0x00000041b3e00000,0x00000041b3f00000] [id=22004]

Threads with active compile tasks:
C2 CompilerThread0  54643 5249   !   4       com.google.common.reflect.TypeVisitor::visit (225 bytes)

VM state: not at safepoint (normal execution)

VM Mutex/Monitor currently owned by a thread: None

Heap address: 0x00000000e0000000, size: 512 MB, Compressed Oops mode: 32-bit

CDS archive(s) mapped at: [0x0000014680000000-0x0000014680bb0000-0x0000014680bb0000), size 12255232, SharedBaseAddress: 0x0000014680000000, ArchiveRelocationMode: 1.
Compressed class space mapped at: 0x0000014681000000-0x0000014695000000, reserved size: 335544320
Narrow klass base: 0x0000014680000000, Narrow klass shift: 0, Narrow klass range: 0x100000000

GC Precious Log:
 CPUs: 12 total, 12 available
 Memory: 5989M
 Large Page Support: Disabled
 NUMA Support: Disabled
 Compressed Oops: Enabled (32-bit)
 Heap Region Size: 1M
 Heap Min Capacity: 256M
 Heap Initial Capacity: 256M
 Heap Max Capacity: 512M
 Pre-touch: Disabled
 Parallel Workers: 10
 Concurrent Workers: 3
 Concurrent Refinement Workers: 10
 Periodic GC: Disabled

Heap:
 garbage-first heap   total 262144K, used 152588K [0x00000000e0000000, 0x0000000100000000)
  region size 1024K, 115 young (117760K), 2 survivors (2048K)
 Metaspace       used 46940K, committed 47424K, reserved 393216K
  class space    used 6650K, committed 6848K, reserved 327680K

Heap Regions: E=young(eden), S=young(survivor), O=old, HS=humongous(starts), HC=humongous(continues), CS=collection set, F=free, OA=open archive, CA=closed archive, TAMS=top-at-mark-start (previous, next)
|   0|0x00000000e0000000, 0x00000000e0100000, 0x00000000e0100000|100%|HS|  |TAMS 0x00000000e0100000, 0x00000000e0000000| Complete 
|   1|0x00000000e0100000, 0x00000000e0200000, 0x00000000e0200000|100%|HC|  |TAMS 0x00000000e0200000, 0x00000000e0100000| Complete 
|   2|0x00000000e0200000, 0x00000000e0300000, 0x00000000e0300000|100%|HC|  |TAMS 0x00000000e0300000, 0x00000000e0200000| Complete 
|   3|0x00000000e0300000, 0x00000000e0400000, 0x00000000e0400000|100%| O|  |TAMS 0x00000000e0400000, 0x00000000e0300000| Untracked 
|   4|0x00000000e0400000, 0x00000000e0500000, 0x00000000e0500000|100%| O|  |TAMS 0x00000000e0500000, 0x00000000e0400000| Untracked 
|   5|0x00000000e0500000, 0x00000000e0600000, 0x00000000e0600000|100%| O|  |TAMS 0x00000000e0600000, 0x00000000e0500000| Untracked 
|   6|0x00000000e0600000, 0x00000000e0700000, 0x00000000e0700000|100%|HS|  |TAMS 0x00000000e0700000, 0x00000000e0600000| Complete 
|   7|0x00000000e0700000, 0x00000000e0800000, 0x00000000e0800000|100%| O|  |TAMS 0x00000000e0800000, 0x00000000e0700000| Untracked 
|   8|0x00000000e0800000, 0x00000000e0900000, 0x00000000e0900000|100%| O|  |TAMS 0x00000000e0900000, 0x00000000e0800000| Untracked 
|   9|0x00000000e0900000, 0x00000000e0a00000, 0x00000000e0a00000|100%| O|  |TAMS 0x00000000e0a00000, 0x00000000e0900000| Untracked 
|  10|0x00000000e0a00000, 0x00000000e0b00000, 0x00000000e0b00000|100%|HS|  |TAMS 0x00000000e0a00000, 0x00000000e0a00000| Complete 
|  11|0x00000000e0b00000, 0x00000000e0c00000, 0x00000000e0c00000|100%| O|  |TAMS 0x00000000e0c00000, 0x00000000e0b00000| Untracked 
|  12|0x00000000e0c00000, 0x00000000e0d00000, 0x00000000e0d00000|100%| O|  |TAMS 0x00000000e0d00000, 0x00000000e0c00000| Untracked 
|  13|0x00000000e0d00000, 0x00000000e0e00000, 0x00000000e0e00000|100%| O|  |TAMS 0x00000000e0e00000, 0x00000000e0d00000| Untracked 
|  14|0x00000000e0e00000, 0x00000000e0f00000, 0x00000000e0f00000|100%| O|  |TAMS 0x00000000e0f00000, 0x00000000e0e00000| Untracked 
|  15|0x00000000e0f00000, 0x00000000e1000000, 0x00000000e1000000|100%| O|  |TAMS 0x00000000e1000000, 0x00000000e0f00000| Untracked 
|  16|0x00000000e1000000, 0x00000000e1100000, 0x00000000e1100000|100%| O|  |TAMS 0x00000000e1100000, 0x00000000e1000000| Untracked 
|  17|0x00000000e1100000, 0x00000000e1200000, 0x00000000e1200000|100%| O|  |TAMS 0x00000000e1200000, 0x00000000e1100000| Untracked 
|  18|0x00000000e1200000, 0x00000000e1300000, 0x00000000e1300000|100%| O|  |TAMS 0x00000000e1300000, 0x00000000e1200000| Untracked 
|  19|0x00000000e1300000, 0x00000000e1400000, 0x00000000e1400000|100%| O|  |TAMS 0x00000000e1400000, 0x00000000e1300000| Untracked 
|  20|0x00000000e1400000, 0x00000000e1500000, 0x00000000e1500000|100%| O|  |TAMS 0x00000000e1500000, 0x00000000e1400000| Untracked 
|  21|0x00000000e1500000, 0x00000000e1600000, 0x00000000e1600000|100%| O|  |TAMS 0x00000000e1600000, 0x00000000e1500000| Untracked 
|  22|0x00000000e1600000, 0x00000000e1700000, 0x00000000e1700000|100%| O|  |TAMS 0x00000000e1700000, 0x00000000e1600000| Untracked 
|  23|0x00000000e1700000, 0x00000000e1800000, 0x00000000e1800000|100%| O|  |TAMS 0x00000000e1800000, 0x00000000e1700000| Untracked 
|  24|0x00000000e1800000, 0x00000000e1900000, 0x00000000e1900000|100%| O|  |TAMS 0x00000000e1900000, 0x00000000e1800000| Untracked 
|  25|0x00000000e1900000, 0x00000000e1a00000, 0x00000000e1a00000|100%| O|  |TAMS 0x00000000e1a00000, 0x00000000e1900000| Untracked 
|  26|0x00000000e1a00000, 0x00000000e1b00000, 0x00000000e1b00000|100%| O|  |TAMS 0x00000000e1b00000, 0x00000000e1a00000| Untracked 
|  27|0x00000000e1b00000, 0x00000000e1c00000, 0x00000000e1c00000|100%| O|  |TAMS 0x00000000e1c00000, 0x00000000e1b00000| Untracked 
|  28|0x00000000e1c00000, 0x00000000e1d00000, 0x00000000e1d00000|100%| O|  |TAMS 0x00000000e1d00000, 0x00000000e1c00000| Untracked 
|  29|0x00000000e1d00000, 0x00000000e1e00000, 0x00000000e1e00000|100%| O|  |TAMS 0x00000000e1e00000, 0x00000000e1d00000| Untracked 
|  30|0x00000000e1e00000, 0x00000000e1ee3400, 0x00000000e1f00000| 88%| O|  |TAMS 0x00000000e1ee3400, 0x00000000e1e00000| Untracked 
|  31|0x00000000e1f00000, 0x00000000e2000000, 0x00000000e2000000|100%|HS|  |TAMS 0x00000000e1f00000, 0x00000000e1f00000| Complete 
|  32|0x00000000e2000000, 0x00000000e2100000, 0x00000000e2100000|100%|HS|  |TAMS 0x00000000e2000000, 0x00000000e2000000| Complete 
|  33|0x00000000e2100000, 0x00000000e2200000, 0x00000000e2200000|100%|HS|  |TAMS 0x00000000e2100000, 0x00000000e2100000| Complete 
|  34|0x00000000e2200000, 0x00000000e2300000, 0x00000000e2300000|100%|HC|  |TAMS 0x00000000e2200000, 0x00000000e2200000| Complete 
|  35|0x00000000e2300000, 0x00000000e2400000, 0x00000000e2400000|100%|HS|  |TAMS 0x00000000e2300000, 0x00000000e2300000| Complete 
|  36|0x00000000e2400000, 0x00000000e2500000, 0x00000000e2500000|100%|HC|  |TAMS 0x00000000e2400000, 0x00000000e2400000| Complete 
|  37|0x00000000e2500000, 0x00000000e2500000, 0x00000000e2600000|  0%| F|  |TAMS 0x00000000e2500000, 0x00000000e2500000| Untracked 
|  38|0x00000000e2600000, 0x00000000e2600000, 0x00000000e2700000|  0%| F|  |TAMS 0x00000000e2600000, 0x00000000e2600000| Untracked 
|  39|0x00000000e2700000, 0x00000000e2700000, 0x00000000e2800000|  0%| F|  |TAMS 0x00000000e2700000, 0x00000000e2700000| Untracked 
|  40|0x00000000e2800000, 0x00000000e2800000, 0x00000000e2900000|  0%| F|  |TAMS 0x00000000e2800000, 0x00000000e2800000| Untracked 
|  41|0x00000000e2900000, 0x00000000e2900000, 0x00000000e2a00000|  0%| F|  |TAMS 0x00000000e2900000, 0x00000000e2900000| Untracked 
|  42|0x00000000e2a00000, 0x00000000e2a00000, 0x00000000e2b00000|  0%| F|  |TAMS 0x00000000e2a00000, 0x00000000e2a00000| Untracked 
|  43|0x00000000e2b00000, 0x00000000e2b00000, 0x00000000e2c00000|  0%| F|  |TAMS 0x00000000e2b00000, 0x00000000e2b00000| Untracked 
|  44|0x00000000e2c00000, 0x00000000e2c00000, 0x00000000e2d00000|  0%| F|  |TAMS 0x00000000e2c00000, 0x00000000e2c00000| Untracked 
|  45|0x00000000e2d00000, 0x00000000e2d00000, 0x00000000e2e00000|  0%| F|  |TAMS 0x00000000e2d00000, 0x00000000e2d00000| Untracked 
|  46|0x00000000e2e00000, 0x00000000e2e00000, 0x00000000e2f00000|  0%| F|  |TAMS 0x00000000e2e00000, 0x00000000e2e00000| Untracked 
|  47|0x00000000e2f00000, 0x00000000e2f00000, 0x00000000e3000000|  0%| F|  |TAMS 0x00000000e2f00000, 0x00000000e2f00000| Untracked 
|  48|0x00000000e3000000, 0x00000000e3000000, 0x00000000e3100000|  0%| F|  |TAMS 0x00000000e3000000, 0x00000000e3000000| Untracked 
|  49|0x00000000e3100000, 0x00000000e3100000, 0x00000000e3200000|  0%| F|  |TAMS 0x00000000e3100000, 0x00000000e3100000| Untracked 
|  50|0x00000000e3200000, 0x00000000e3200000, 0x00000000e3300000|  0%| F|  |TAMS 0x00000000e3200000, 0x00000000e3200000| Untracked 
|  51|0x00000000e3300000, 0x00000000e3300000, 0x00000000e3400000|  0%| F|  |TAMS 0x00000000e3300000, 0x00000000e3300000| Untracked 
|  52|0x00000000e3400000, 0x00000000e3400000, 0x00000000e3500000|  0%| F|  |TAMS 0x00000000e3400000, 0x00000000e3400000| Untracked 
|  53|0x00000000e3500000, 0x00000000e3500000, 0x00000000e3600000|  0%| F|  |TAMS 0x00000000e3500000, 0x00000000e3500000| Untracked 
|  54|0x00000000e3600000, 0x00000000e3600000, 0x00000000e3700000|  0%| F|  |TAMS 0x00000000e3600000, 0x00000000e3600000| Untracked 
|  55|0x00000000e3700000, 0x00000000e3700000, 0x00000000e3800000|  0%| F|  |TAMS 0x00000000e3700000, 0x00000000e3700000| Untracked 
|  56|0x00000000e3800000, 0x00000000e3800000, 0x00000000e3900000|  0%| F|  |TAMS 0x00000000e3800000, 0x00000000e3800000| Untracked 
|  57|0x00000000e3900000, 0x00000000e3900000, 0x00000000e3a00000|  0%| F|  |TAMS 0x00000000e3900000, 0x00000000e3900000| Untracked 
|  58|0x00000000e3a00000, 0x00000000e3a00000, 0x00000000e3b00000|  0%| F|  |TAMS 0x00000000e3a00000, 0x00000000e3a00000| Untracked 
|  59|0x00000000e3b00000, 0x00000000e3b00000, 0x00000000e3c00000|  0%| F|  |TAMS 0x00000000e3b00000, 0x00000000e3b00000| Untracked 
|  60|0x00000000e3c00000, 0x00000000e3c00000, 0x00000000e3d00000|  0%| F|  |TAMS 0x00000000e3c00000, 0x00000000e3c00000| Untracked 
|  61|0x00000000e3d00000, 0x00000000e3d00000, 0x00000000e3e00000|  0%| F|  |TAMS 0x00000000e3d00000, 0x00000000e3d00000| Untracked 
|  62|0x00000000e3e00000, 0x00000000e3e00000, 0x00000000e3f00000|  0%| F|  |TAMS 0x00000000e3e00000, 0x00000000e3e00000| Untracked 
|  63|0x00000000e3f00000, 0x00000000e3f00000, 0x00000000e4000000|  0%| F|  |TAMS 0x00000000e3f00000, 0x00000000e3f00000| Untracked 
|  64|0x00000000e4000000, 0x00000000e4000000, 0x00000000e4100000|  0%| F|  |TAMS 0x00000000e4000000, 0x00000000e4000000| Untracked 
|  65|0x00000000e4100000, 0x00000000e4100000, 0x00000000e4200000|  0%| F|  |TAMS 0x00000000e4100000, 0x00000000e4100000| Untracked 
|  66|0x00000000e4200000, 0x00000000e4200000, 0x00000000e4300000|  0%| F|  |TAMS 0x00000000e4200000, 0x00000000e4200000| Untracked 
|  67|0x00000000e4300000, 0x00000000e4300000, 0x00000000e4400000|  0%| F|  |TAMS 0x00000000e4300000, 0x00000000e4300000| Untracked 
|  68|0x00000000e4400000, 0x00000000e4400000, 0x00000000e4500000|  0%| F|  |TAMS 0x00000000e4400000, 0x00000000e4400000| Untracked 
|  69|0x00000000e4500000, 0x00000000e4500000, 0x00000000e4600000|  0%| F|  |TAMS 0x00000000e4500000, 0x00000000e4500000| Untracked 
|  70|0x00000000e4600000, 0x00000000e4600000, 0x00000000e4700000|  0%| F|  |TAMS 0x00000000e4600000, 0x00000000e4600000| Untracked 
|  71|0x00000000e4700000, 0x00000000e4700000, 0x00000000e4800000|  0%| F|  |TAMS 0x00000000e4700000, 0x00000000e4700000| Untracked 
|  72|0x00000000e4800000, 0x00000000e4800000, 0x00000000e4900000|  0%| F|  |TAMS 0x00000000e4800000, 0x00000000e4800000| Untracked 
|  73|0x00000000e4900000, 0x00000000e4900000, 0x00000000e4a00000|  0%| F|  |TAMS 0x00000000e4900000, 0x00000000e4900000| Untracked 
|  74|0x00000000e4a00000, 0x00000000e4a00000, 0x00000000e4b00000|  0%| F|  |TAMS 0x00000000e4a00000, 0x00000000e4a00000| Untracked 
|  75|0x00000000e4b00000, 0x00000000e4b00000, 0x00000000e4c00000|  0%| F|  |TAMS 0x00000000e4b00000, 0x00000000e4b00000| Untracked 
|  76|0x00000000e4c00000, 0x00000000e4c00000, 0x00000000e4d00000|  0%| F|  |TAMS 0x00000000e4c00000, 0x00000000e4c00000| Untracked 
|  77|0x00000000e4d00000, 0x00000000e4d00000, 0x00000000e4e00000|  0%| F|  |TAMS 0x00000000e4d00000, 0x00000000e4d00000| Untracked 
|  78|0x00000000e4e00000, 0x00000000e4e00000, 0x00000000e4f00000|  0%| F|  |TAMS 0x00000000e4e00000, 0x00000000e4e00000| Untracked 
|  79|0x00000000e4f00000, 0x00000000e4f00000, 0x00000000e5000000|  0%| F|  |TAMS 0x00000000e4f00000, 0x00000000e4f00000| Untracked 
|  80|0x00000000e5000000, 0x00000000e5000000, 0x00000000e5100000|  0%| F|  |TAMS 0x00000000e5000000, 0x00000000e5000000| Untracked 
|  81|0x00000000e5100000, 0x00000000e5100000, 0x00000000e5200000|  0%| F|  |TAMS 0x00000000e5100000, 0x00000000e5100000| Untracked 
|  82|0x00000000e5200000, 0x00000000e5200000, 0x00000000e5300000|  0%| F|  |TAMS 0x00000000e5200000, 0x00000000e5200000| Untracked 
|  83|0x00000000e5300000, 0x00000000e5300000, 0x00000000e5400000|  0%| F|  |TAMS 0x00000000e5300000, 0x00000000e5300000| Untracked 
|  84|0x00000000e5400000, 0x00000000e5400000, 0x00000000e5500000|  0%| F|  |TAMS 0x00000000e5400000, 0x00000000e5400000| Untracked 
|  85|0x00000000e5500000, 0x00000000e5500000, 0x00000000e5600000|  0%| F|  |TAMS 0x00000000e5500000, 0x00000000e5500000| Untracked 
|  86|0x00000000e5600000, 0x00000000e5600000, 0x00000000e5700000|  0%| F|  |TAMS 0x00000000e5600000, 0x00000000e5600000| Untracked 
|  87|0x00000000e5700000, 0x00000000e5700000, 0x00000000e5800000|  0%| F|  |TAMS 0x00000000e5700000, 0x00000000e5700000| Untracked 
|  88|0x00000000e5800000, 0x00000000e5800000, 0x00000000e5900000|  0%| F|  |TAMS 0x00000000e5800000, 0x00000000e5800000| Untracked 
|  89|0x00000000e5900000, 0x00000000e5900000, 0x00000000e5a00000|  0%| F|  |TAMS 0x00000000e5900000, 0x00000000e5900000| Untracked 
|  90|0x00000000e5a00000, 0x00000000e5a00000, 0x00000000e5b00000|  0%| F|  |TAMS 0x00000000e5a00000, 0x00000000e5a00000| Untracked 
|  91|0x00000000e5b00000, 0x00000000e5b00000, 0x00000000e5c00000|  0%| F|  |TAMS 0x00000000e5b00000, 0x00000000e5b00000| Untracked 
|  92|0x00000000e5c00000, 0x00000000e5c00000, 0x00000000e5d00000|  0%| F|  |TAMS 0x00000000e5c00000, 0x00000000e5c00000| Untracked 
|  93|0x00000000e5d00000, 0x00000000e5d00000, 0x00000000e5e00000|  0%| F|  |TAMS 0x00000000e5d00000, 0x00000000e5d00000| Untracked 
|  94|0x00000000e5e00000, 0x00000000e5e00000, 0x00000000e5f00000|  0%| F|  |TAMS 0x00000000e5e00000, 0x00000000e5e00000| Untracked 
|  95|0x00000000e5f00000, 0x00000000e5f00000, 0x00000000e6000000|  0%| F|  |TAMS 0x00000000e5f00000, 0x00000000e5f00000| Untracked 
|  96|0x00000000e6000000, 0x00000000e6000000, 0x00000000e6100000|  0%| F|  |TAMS 0x00000000e6000000, 0x00000000e6000000| Untracked 
|  97|0x00000000e6100000, 0x00000000e6100000, 0x00000000e6200000|  0%| F|  |TAMS 0x00000000e6100000, 0x00000000e6100000| Untracked 
|  98|0x00000000e6200000, 0x00000000e6200000, 0x00000000e6300000|  0%| F|  |TAMS 0x00000000e6200000, 0x00000000e6200000| Untracked 
|  99|0x00000000e6300000, 0x00000000e6300000, 0x00000000e6400000|  0%| F|  |TAMS 0x00000000e6300000, 0x00000000e6300000| Untracked 
| 100|0x00000000e6400000, 0x00000000e6400000, 0x00000000e6500000|  0%| F|  |TAMS 0x00000000e6400000, 0x00000000e6400000| Untracked 
| 101|0x00000000e6500000, 0x00000000e6500000, 0x00000000e6600000|  0%| F|  |TAMS 0x00000000e6500000, 0x00000000e6500000| Untracked 
| 102|0x00000000e6600000, 0x00000000e6600000, 0x00000000e6700000|  0%| F|  |TAMS 0x00000000e6600000, 0x00000000e6600000| Untracked 
| 103|0x00000000e6700000, 0x00000000e6700000, 0x00000000e6800000|  0%| F|  |TAMS 0x00000000e6700000, 0x00000000e6700000| Untracked 
| 104|0x00000000e6800000, 0x00000000e6800000, 0x00000000e6900000|  0%| F|  |TAMS 0x00000000e6800000, 0x00000000e6800000| Untracked 
| 105|0x00000000e6900000, 0x00000000e6900000, 0x00000000e6a00000|  0%| F|  |TAMS 0x00000000e6900000, 0x00000000e6900000| Untracked 
| 106|0x00000000e6a00000, 0x00000000e6a00000, 0x00000000e6b00000|  0%| F|  |TAMS 0x00000000e6a00000, 0x00000000e6a00000| Untracked 
| 107|0x00000000e6b00000, 0x00000000e6b00000, 0x00000000e6c00000|  0%| F|  |TAMS 0x00000000e6b00000, 0x00000000e6b00000| Untracked 
| 108|0x00000000e6c00000, 0x00000000e6c00000, 0x00000000e6d00000|  0%| F|  |TAMS 0x00000000e6c00000, 0x00000000e6c00000| Untracked 
| 109|0x00000000e6d00000, 0x00000000e6d00000, 0x00000000e6e00000|  0%| F|  |TAMS 0x00000000e6d00000, 0x00000000e6d00000| Untracked 
| 110|0x00000000e6e00000, 0x00000000e6e00000, 0x00000000e6f00000|  0%| F|  |TAMS 0x00000000e6e00000, 0x00000000e6e00000| Untracked 
| 111|0x00000000e6f00000, 0x00000000e6f00000, 0x00000000e7000000|  0%| F|  |TAMS 0x00000000e6f00000, 0x00000000e6f00000| Untracked 
| 112|0x00000000e7000000, 0x00000000e7000000, 0x00000000e7100000|  0%| F|  |TAMS 0x00000000e7000000, 0x00000000e7000000| Untracked 
| 113|0x00000000e7100000, 0x00000000e7100000, 0x00000000e7200000|  0%| F|  |TAMS 0x00000000e7100000, 0x00000000e7100000| Untracked 
| 114|0x00000000e7200000, 0x00000000e7200000, 0x00000000e7300000|  0%| F|  |TAMS 0x00000000e7200000, 0x00000000e7200000| Untracked 
| 115|0x00000000e7300000, 0x00000000e7300000, 0x00000000e7400000|  0%| F|  |TAMS 0x00000000e7300000, 0x00000000e7300000| Untracked 
| 116|0x00000000e7400000, 0x00000000e7400000, 0x00000000e7500000|  0%| F|  |TAMS 0x00000000e7400000, 0x00000000e7400000| Untracked 
| 117|0x00000000e7500000, 0x00000000e7500000, 0x00000000e7600000|  0%| F|  |TAMS 0x00000000e7500000, 0x00000000e7500000| Untracked 
| 118|0x00000000e7600000, 0x00000000e7600000, 0x00000000e7700000|  0%| F|  |TAMS 0x00000000e7600000, 0x00000000e7600000| Untracked 
| 119|0x00000000e7700000, 0x00000000e7700000, 0x00000000e7800000|  0%| F|  |TAMS 0x00000000e7700000, 0x00000000e7700000| Untracked 
| 120|0x00000000e7800000, 0x00000000e7800000, 0x00000000e7900000|  0%| F|  |TAMS 0x00000000e7800000, 0x00000000e7800000| Untracked 
| 121|0x00000000e7900000, 0x00000000e7900000, 0x00000000e7a00000|  0%| F|  |TAMS 0x00000000e7900000, 0x00000000e7900000| Untracked 
| 122|0x00000000e7a00000, 0x00000000e7a00000, 0x00000000e7b00000|  0%| F|  |TAMS 0x00000000e7a00000, 0x00000000e7a00000| Untracked 
| 123|0x00000000e7b00000, 0x00000000e7b00000, 0x00000000e7c00000|  0%| F|  |TAMS 0x00000000e7b00000, 0x00000000e7b00000| Untracked 
| 124|0x00000000e7c00000, 0x00000000e7c00000, 0x00000000e7d00000|  0%| F|  |TAMS 0x00000000e7c00000, 0x00000000e7c00000| Untracked 
| 125|0x00000000e7d00000, 0x00000000e7d00000, 0x00000000e7e00000|  0%| F|  |TAMS 0x00000000e7d00000, 0x00000000e7d00000| Untracked 
| 126|0x00000000e7e00000, 0x00000000e7e00000, 0x00000000e7f00000|  0%| F|  |TAMS 0x00000000e7e00000, 0x00000000e7e00000| Untracked 
| 127|0x00000000e7f00000, 0x00000000e7f00000, 0x00000000e8000000|  0%| F|  |TAMS 0x00000000e7f00000, 0x00000000e7f00000| Untracked 
| 128|0x00000000e8000000, 0x00000000e8000000, 0x00000000e8100000|  0%| F|  |TAMS 0x00000000e8000000, 0x00000000e8000000| Untracked 
| 129|0x00000000e8100000, 0x00000000e8100000, 0x00000000e8200000|  0%| F|  |TAMS 0x00000000e8100000, 0x00000000e8100000| Untracked 
| 130|0x00000000e8200000, 0x00000000e8200000, 0x00000000e8300000|  0%| F|  |TAMS 0x00000000e8200000, 0x00000000e8200000| Untracked 
| 131|0x00000000e8300000, 0x00000000e8300000, 0x00000000e8400000|  0%| F|  |TAMS 0x00000000e8300000, 0x00000000e8300000| Untracked 
| 132|0x00000000e8400000, 0x00000000e8400000, 0x00000000e8500000|  0%| F|  |TAMS 0x00000000e8400000, 0x00000000e8400000| Untracked 
| 133|0x00000000e8500000, 0x00000000e8500000, 0x00000000e8600000|  0%| F|  |TAMS 0x00000000e8500000, 0x00000000e8500000| Untracked 
| 134|0x00000000e8600000, 0x00000000e8600000, 0x00000000e8700000|  0%| F|  |TAMS 0x00000000e8600000, 0x00000000e8600000| Untracked 
| 135|0x00000000e8700000, 0x00000000e8700000, 0x00000000e8800000|  0%| F|  |TAMS 0x00000000e8700000, 0x00000000e8700000| Untracked 
| 136|0x00000000e8800000, 0x00000000e8800000, 0x00000000e8900000|  0%| F|  |TAMS 0x00000000e8800000, 0x00000000e8800000| Untracked 
| 137|0x00000000e8900000, 0x00000000e8900000, 0x00000000e8a00000|  0%| F|  |TAMS 0x00000000e8900000, 0x00000000e8900000| Untracked 
| 138|0x00000000e8a00000, 0x00000000e8a00000, 0x00000000e8b00000|  0%| F|  |TAMS 0x00000000e8a00000, 0x00000000e8a00000| Untracked 
| 139|0x00000000e8b00000, 0x00000000e8b00000, 0x00000000e8c00000|  0%| F|  |TAMS 0x00000000e8b00000, 0x00000000e8b00000| Untracked 
| 140|0x00000000e8c00000, 0x00000000e8c80000, 0x00000000e8d00000| 50%| E|  |TAMS 0x00000000e8c00000, 0x00000000e8c00000| Complete 
| 141|0x00000000e8d00000, 0x00000000e8e00000, 0x00000000e8e00000|100%| E|CS|TAMS 0x00000000e8d00000, 0x00000000e8d00000| Complete 
| 142|0x00000000e8e00000, 0x00000000e8f00000, 0x00000000e8f00000|100%| E|CS|TAMS 0x00000000e8e00000, 0x00000000e8e00000| Complete 
| 143|0x00000000e8f00000, 0x00000000e9000000, 0x00000000e9000000|100%| E|CS|TAMS 0x00000000e8f00000, 0x00000000e8f00000| Complete 
| 144|0x00000000e9000000, 0x00000000e9100000, 0x00000000e9100000|100%| E|CS|TAMS 0x00000000e9000000, 0x00000000e9000000| Complete 
| 145|0x00000000e9100000, 0x00000000e9200000, 0x00000000e9200000|100%| E|CS|TAMS 0x00000000e9100000, 0x00000000e9100000| Complete 
| 146|0x00000000e9200000, 0x00000000e9300000, 0x00000000e9300000|100%| E|CS|TAMS 0x00000000e9200000, 0x00000000e9200000| Complete 
| 147|0x00000000e9300000, 0x00000000e9400000, 0x00000000e9400000|100%| E|CS|TAMS 0x00000000e9300000, 0x00000000e9300000| Complete 
| 148|0x00000000e9400000, 0x00000000e9500000, 0x00000000e9500000|100%| E|CS|TAMS 0x00000000e9400000, 0x00000000e9400000| Complete 
| 149|0x00000000e9500000, 0x00000000e9600000, 0x00000000e9600000|100%| E|CS|TAMS 0x00000000e9500000, 0x00000000e9500000| Complete 
| 150|0x00000000e9600000, 0x00000000e9700000, 0x00000000e9700000|100%| E|CS|TAMS 0x00000000e9600000, 0x00000000e9600000| Complete 
| 151|0x00000000e9700000, 0x00000000e9800000, 0x00000000e9800000|100%| E|CS|TAMS 0x00000000e9700000, 0x00000000e9700000| Complete 
| 152|0x00000000e9800000, 0x00000000e9900000, 0x00000000e9900000|100%| E|CS|TAMS 0x00000000e9800000, 0x00000000e9800000| Complete 
| 153|0x00000000e9900000, 0x00000000e9a00000, 0x00000000e9a00000|100%| E|CS|TAMS 0x00000000e9900000, 0x00000000e9900000| Complete 
| 154|0x00000000e9a00000, 0x00000000e9b00000, 0x00000000e9b00000|100%| E|CS|TAMS 0x00000000e9a00000, 0x00000000e9a00000| Complete 
| 155|0x00000000e9b00000, 0x00000000e9c00000, 0x00000000e9c00000|100%| E|CS|TAMS 0x00000000e9b00000, 0x00000000e9b00000| Complete 
| 156|0x00000000e9c00000, 0x00000000e9d00000, 0x00000000e9d00000|100%| E|CS|TAMS 0x00000000e9c00000, 0x00000000e9c00000| Complete 
| 157|0x00000000e9d00000, 0x00000000e9e00000, 0x00000000e9e00000|100%| E|CS|TAMS 0x00000000e9d00000, 0x00000000e9d00000| Complete 
| 158|0x00000000e9e00000, 0x00000000e9f00000, 0x00000000e9f00000|100%| E|CS|TAMS 0x00000000e9e00000, 0x00000000e9e00000| Complete 
| 159|0x00000000e9f00000, 0x00000000ea000000, 0x00000000ea000000|100%| E|CS|TAMS 0x00000000e9f00000, 0x00000000e9f00000| Complete 
| 160|0x00000000ea000000, 0x00000000ea100000, 0x00000000ea100000|100%| E|CS|TAMS 0x00000000ea000000, 0x00000000ea000000| Complete 
| 161|0x00000000ea100000, 0x00000000ea200000, 0x00000000ea200000|100%| E|CS|TAMS 0x00000000ea100000, 0x00000000ea100000| Complete 
| 162|0x00000000ea200000, 0x00000000ea300000, 0x00000000ea300000|100%| E|CS|TAMS 0x00000000ea200000, 0x00000000ea200000| Complete 
| 163|0x00000000ea300000, 0x00000000ea400000, 0x00000000ea400000|100%| E|CS|TAMS 0x00000000ea300000, 0x00000000ea300000| Complete 
| 164|0x00000000ea400000, 0x00000000ea500000, 0x00000000ea500000|100%| E|CS|TAMS 0x00000000ea400000, 0x00000000ea400000| Complete 
| 165|0x00000000ea500000, 0x00000000ea600000, 0x00000000ea600000|100%| E|CS|TAMS 0x00000000ea500000, 0x00000000ea500000| Complete 
| 166|0x00000000ea600000, 0x00000000ea700000, 0x00000000ea700000|100%| E|CS|TAMS 0x00000000ea600000, 0x00000000ea600000| Complete 
| 167|0x00000000ea700000, 0x00000000ea800000, 0x00000000ea800000|100%| E|CS|TAMS 0x00000000ea700000, 0x00000000ea700000| Complete 
| 168|0x00000000ea800000, 0x00000000ea900000, 0x00000000ea900000|100%| E|CS|TAMS 0x00000000ea800000, 0x00000000ea800000| Complete 
| 169|0x00000000ea900000, 0x00000000eaa00000, 0x00000000eaa00000|100%| E|CS|TAMS 0x00000000ea900000, 0x00000000ea900000| Complete 
| 170|0x00000000eaa00000, 0x00000000eab00000, 0x00000000eab00000|100%| E|CS|TAMS 0x00000000eaa00000, 0x00000000eaa00000| Complete 
| 171|0x00000000eab00000, 0x00000000eac00000, 0x00000000eac00000|100%| E|CS|TAMS 0x00000000eab00000, 0x00000000eab00000| Complete 
| 172|0x00000000eac00000, 0x00000000ead00000, 0x00000000ead00000|100%| E|CS|TAMS 0x00000000eac00000, 0x00000000eac00000| Complete 
| 173|0x00000000ead00000, 0x00000000eae00000, 0x00000000eae00000|100%| E|CS|TAMS 0x00000000ead00000, 0x00000000ead00000| Complete 
| 174|0x00000000eae00000, 0x00000000eaf00000, 0x00000000eaf00000|100%| E|CS|TAMS 0x00000000eae00000, 0x00000000eae00000| Complete 
| 175|0x00000000eaf00000, 0x00000000eb000000, 0x00000000eb000000|100%| E|CS|TAMS 0x00000000eaf00000, 0x00000000eaf00000| Complete 
| 176|0x00000000eb000000, 0x00000000eb100000, 0x00000000eb100000|100%| E|CS|TAMS 0x00000000eb000000, 0x00000000eb000000| Complete 
| 177|0x00000000eb100000, 0x00000000eb200000, 0x00000000eb200000|100%| E|CS|TAMS 0x00000000eb100000, 0x00000000eb100000| Complete 
| 178|0x00000000eb200000, 0x00000000eb300000, 0x00000000eb300000|100%| E|CS|TAMS 0x00000000eb200000, 0x00000000eb200000| Complete 
| 179|0x00000000eb300000, 0x00000000eb400000, 0x00000000eb400000|100%| E|CS|TAMS 0x00000000eb300000, 0x00000000eb300000| Complete 
| 180|0x00000000eb400000, 0x00000000eb500000, 0x00000000eb500000|100%| E|CS|TAMS 0x00000000eb400000, 0x00000000eb400000| Complete 
| 181|0x00000000eb500000, 0x00000000eb600000, 0x00000000eb600000|100%| E|CS|TAMS 0x00000000eb500000, 0x00000000eb500000| Complete 
| 182|0x00000000eb600000, 0x00000000eb700000, 0x00000000eb700000|100%| E|CS|TAMS 0x00000000eb600000, 0x00000000eb600000| Complete 
| 183|0x00000000eb700000, 0x00000000eb800000, 0x00000000eb800000|100%| E|CS|TAMS 0x00000000eb700000, 0x00000000eb700000| Complete 
| 184|0x00000000eb800000, 0x00000000eb900000, 0x00000000eb900000|100%| E|CS|TAMS 0x00000000eb800000, 0x00000000eb800000| Complete 
| 185|0x00000000eb900000, 0x00000000eba00000, 0x00000000eba00000|100%| E|CS|TAMS 0x00000000eb900000, 0x00000000eb900000| Complete 
| 186|0x00000000eba00000, 0x00000000ebb00000, 0x00000000ebb00000|100%| E|CS|TAMS 0x00000000eba00000, 0x00000000eba00000| Complete 
| 187|0x00000000ebb00000, 0x00000000ebc00000, 0x00000000ebc00000|100%| E|CS|TAMS 0x00000000ebb00000, 0x00000000ebb00000| Complete 
| 188|0x00000000ebc00000, 0x00000000ebd00000, 0x00000000ebd00000|100%| E|CS|TAMS 0x00000000ebc00000, 0x00000000ebc00000| Complete 
| 189|0x00000000ebd00000, 0x00000000ebe00000, 0x00000000ebe00000|100%| E|CS|TAMS 0x00000000ebd00000, 0x00000000ebd00000| Complete 
| 190|0x00000000ebe00000, 0x00000000ebf00000, 0x00000000ebf00000|100%| E|CS|TAMS 0x00000000ebe00000, 0x00000000ebe00000| Complete 
| 191|0x00000000ebf00000, 0x00000000ec000000, 0x00000000ec000000|100%| E|CS|TAMS 0x00000000ebf00000, 0x00000000ebf00000| Complete 
| 192|0x00000000ec000000, 0x00000000ec100000, 0x00000000ec100000|100%| E|CS|TAMS 0x00000000ec000000, 0x00000000ec000000| Complete 
| 193|0x00000000ec100000, 0x00000000ec200000, 0x00000000ec200000|100%| E|CS|TAMS 0x00000000ec100000, 0x00000000ec100000| Complete 
| 194|0x00000000ec200000, 0x00000000ec300000, 0x00000000ec300000|100%| E|CS|TAMS 0x00000000ec200000, 0x00000000ec200000| Complete 
| 195|0x00000000ec300000, 0x00000000ec400000, 0x00000000ec400000|100%| E|CS|TAMS 0x00000000ec300000, 0x00000000ec300000| Complete 
| 196|0x00000000ec400000, 0x00000000ec500000, 0x00000000ec500000|100%| E|CS|TAMS 0x00000000ec400000, 0x00000000ec400000| Complete 
| 197|0x00000000ec500000, 0x00000000ec600000, 0x00000000ec600000|100%| E|CS|TAMS 0x00000000ec500000, 0x00000000ec500000| Complete 
| 198|0x00000000ec600000, 0x00000000ec700000, 0x00000000ec700000|100%| E|CS|TAMS 0x00000000ec600000, 0x00000000ec600000| Complete 
| 199|0x00000000ec700000, 0x00000000ec800000, 0x00000000ec800000|100%| E|CS|TAMS 0x00000000ec700000, 0x00000000ec700000| Complete 
| 200|0x00000000ec800000, 0x00000000ec900000, 0x00000000ec900000|100%| E|CS|TAMS 0x00000000ec800000, 0x00000000ec800000| Complete 
| 201|0x00000000ec900000, 0x00000000eca00000, 0x00000000eca00000|100%| E|CS|TAMS 0x00000000ec900000, 0x00000000ec900000| Complete 
| 202|0x00000000eca00000, 0x00000000ecb00000, 0x00000000ecb00000|100%| E|CS|TAMS 0x00000000eca00000, 0x00000000eca00000| Complete 
| 203|0x00000000ecb00000, 0x00000000ecc00000, 0x00000000ecc00000|100%| E|CS|TAMS 0x00000000ecb00000, 0x00000000ecb00000| Complete 
| 204|0x00000000ecc00000, 0x00000000ecd00000, 0x00000000ecd00000|100%| E|CS|TAMS 0x00000000ecc00000, 0x00000000ecc00000| Complete 
| 205|0x00000000ecd00000, 0x00000000ece00000, 0x00000000ece00000|100%| E|CS|TAMS 0x00000000ecd00000, 0x00000000ecd00000| Complete 
| 206|0x00000000ece00000, 0x00000000ecf00000, 0x00000000ecf00000|100%| E|CS|TAMS 0x00000000ece00000, 0x00000000ece00000| Complete 
| 207|0x00000000ecf00000, 0x00000000ed000000, 0x00000000ed000000|100%| E|CS|TAMS 0x00000000ecf00000, 0x00000000ecf00000| Complete 
| 208|0x00000000ed000000, 0x00000000ed100000, 0x00000000ed100000|100%| E|CS|TAMS 0x00000000ed000000, 0x00000000ed000000| Complete 
| 209|0x00000000ed100000, 0x00000000ed200000, 0x00000000ed200000|100%| E|CS|TAMS 0x00000000ed100000, 0x00000000ed100000| Complete 
| 210|0x00000000ed200000, 0x00000000ed300000, 0x00000000ed300000|100%| E|CS|TAMS 0x00000000ed200000, 0x00000000ed200000| Complete 
| 211|0x00000000ed300000, 0x00000000ed400000, 0x00000000ed400000|100%| E|CS|TAMS 0x00000000ed300000, 0x00000000ed300000| Complete 
| 212|0x00000000ed400000, 0x00000000ed500000, 0x00000000ed500000|100%| E|CS|TAMS 0x00000000ed400000, 0x00000000ed400000| Complete 
| 213|0x00000000ed500000, 0x00000000ed600000, 0x00000000ed600000|100%| E|CS|TAMS 0x00000000ed500000, 0x00000000ed500000| Complete 
| 214|0x00000000ed600000, 0x00000000ed700000, 0x00000000ed700000|100%| E|CS|TAMS 0x00000000ed600000, 0x00000000ed600000| Complete 
| 215|0x00000000ed700000, 0x00000000ed800000, 0x00000000ed800000|100%| E|CS|TAMS 0x00000000ed700000, 0x00000000ed700000| Complete 
| 216|0x00000000ed800000, 0x00000000ed900000, 0x00000000ed900000|100%| E|CS|TAMS 0x00000000ed800000, 0x00000000ed800000| Complete 
| 217|0x00000000ed900000, 0x00000000eda00000, 0x00000000eda00000|100%| E|CS|TAMS 0x00000000ed900000, 0x00000000ed900000| Complete 
| 218|0x00000000eda00000, 0x00000000edb00000, 0x00000000edb00000|100%| E|CS|TAMS 0x00000000eda00000, 0x00000000eda00000| Complete 
| 219|0x00000000edb00000, 0x00000000edc00000, 0x00000000edc00000|100%| E|CS|TAMS 0x00000000edb00000, 0x00000000edb00000| Complete 
| 220|0x00000000edc00000, 0x00000000edd00000, 0x00000000edd00000|100%| E|CS|TAMS 0x00000000edc00000, 0x00000000edc00000| Complete 
| 221|0x00000000edd00000, 0x00000000ede00000, 0x00000000ede00000|100%| E|CS|TAMS 0x00000000edd00000, 0x00000000edd00000| Complete 
| 222|0x00000000ede00000, 0x00000000edf00000, 0x00000000edf00000|100%| E|CS|TAMS 0x00000000ede00000, 0x00000000ede00000| Complete 
| 223|0x00000000edf00000, 0x00000000ee000000, 0x00000000ee000000|100%| E|  |TAMS 0x00000000edf00000, 0x00000000edf00000| Complete 
| 224|0x00000000ee000000, 0x00000000ee100000, 0x00000000ee100000|100%| E|CS|TAMS 0x00000000ee000000, 0x00000000ee000000| Complete 
| 225|0x00000000ee100000, 0x00000000ee200000, 0x00000000ee200000|100%| E|CS|TAMS 0x00000000ee100000, 0x00000000ee100000| Complete 
| 226|0x00000000ee200000, 0x00000000ee300000, 0x00000000ee300000|100%| E|CS|TAMS 0x00000000ee200000, 0x00000000ee200000| Complete 
| 227|0x00000000ee300000, 0x00000000ee400000, 0x00000000ee400000|100%| E|CS|TAMS 0x00000000ee300000, 0x00000000ee300000| Complete 
| 228|0x00000000ee400000, 0x00000000ee500000, 0x00000000ee500000|100%| E|CS|TAMS 0x00000000ee400000, 0x00000000ee400000| Complete 
| 229|0x00000000ee500000, 0x00000000ee600000, 0x00000000ee600000|100%| E|CS|TAMS 0x00000000ee500000, 0x00000000ee500000| Complete 
| 230|0x00000000ee600000, 0x00000000ee700000, 0x00000000ee700000|100%| E|CS|TAMS 0x00000000ee600000, 0x00000000ee600000| Complete 
| 231|0x00000000ee700000, 0x00000000ee800000, 0x00000000ee800000|100%| E|CS|TAMS 0x00000000ee700000, 0x00000000ee700000| Complete 
| 232|0x00000000ee800000, 0x00000000ee900000, 0x00000000ee900000|100%| E|CS|TAMS 0x00000000ee800000, 0x00000000ee800000| Complete 
| 233|0x00000000ee900000, 0x00000000eea00000, 0x00000000eea00000|100%| E|CS|TAMS 0x00000000ee900000, 0x00000000ee900000| Complete 
| 234|0x00000000eea00000, 0x00000000eeb00000, 0x00000000eeb00000|100%| E|CS|TAMS 0x00000000eea00000, 0x00000000eea00000| Complete 
| 235|0x00000000eeb00000, 0x00000000eec00000, 0x00000000eec00000|100%| E|CS|TAMS 0x00000000eeb00000, 0x00000000eeb00000| Complete 
| 236|0x00000000eec00000, 0x00000000eed00000, 0x00000000eed00000|100%| E|CS|TAMS 0x00000000eec00000, 0x00000000eec00000| Complete 
| 237|0x00000000eed00000, 0x00000000eed1fe50, 0x00000000eee00000| 12%| S|CS|TAMS 0x00000000eed00000, 0x00000000eed00000| Complete 
| 238|0x00000000eee00000, 0x00000000eef00000, 0x00000000eef00000|100%| S|CS|TAMS 0x00000000eee00000, 0x00000000eee00000| Complete 
| 239|0x00000000eef00000, 0x00000000ef000000, 0x00000000ef000000|100%| E|CS|TAMS 0x00000000eef00000, 0x00000000eef00000| Complete 
| 240|0x00000000ef000000, 0x00000000ef100000, 0x00000000ef100000|100%| E|CS|TAMS 0x00000000ef000000, 0x00000000ef000000| Complete 
| 241|0x00000000ef100000, 0x00000000ef200000, 0x00000000ef200000|100%| E|CS|TAMS 0x00000000ef100000, 0x00000000ef100000| Complete 
| 242|0x00000000ef200000, 0x00000000ef300000, 0x00000000ef300000|100%| E|CS|TAMS 0x00000000ef200000, 0x00000000ef200000| Complete 
| 243|0x00000000ef300000, 0x00000000ef400000, 0x00000000ef400000|100%| E|CS|TAMS 0x00000000ef300000, 0x00000000ef300000| Complete 
| 244|0x00000000ef400000, 0x00000000ef500000, 0x00000000ef500000|100%| E|CS|TAMS 0x00000000ef400000, 0x00000000ef400000| Complete 
| 245|0x00000000ef500000, 0x00000000ef600000, 0x00000000ef600000|100%| E|CS|TAMS 0x00000000ef500000, 0x00000000ef500000| Complete 
| 246|0x00000000ef600000, 0x00000000ef700000, 0x00000000ef700000|100%| E|CS|TAMS 0x00000000ef600000, 0x00000000ef600000| Complete 
| 247|0x00000000ef700000, 0x00000000ef800000, 0x00000000ef800000|100%| E|CS|TAMS 0x00000000ef700000, 0x00000000ef700000| Complete 
| 248|0x00000000ef800000, 0x00000000ef900000, 0x00000000ef900000|100%| E|CS|TAMS 0x00000000ef800000, 0x00000000ef800000| Complete 
| 249|0x00000000ef900000, 0x00000000efa00000, 0x00000000efa00000|100%| E|CS|TAMS 0x00000000ef900000, 0x00000000ef900000| Complete 
| 250|0x00000000efa00000, 0x00000000efb00000, 0x00000000efb00000|100%| E|CS|TAMS 0x00000000efa00000, 0x00000000efa00000| Complete 
| 251|0x00000000efb00000, 0x00000000efc00000, 0x00000000efc00000|100%| E|CS|TAMS 0x00000000efb00000, 0x00000000efb00000| Complete 
| 252|0x00000000efc00000, 0x00000000efd00000, 0x00000000efd00000|100%| E|CS|TAMS 0x00000000efc00000, 0x00000000efc00000| Complete 
| 253|0x00000000efd00000, 0x00000000efe00000, 0x00000000efe00000|100%| E|CS|TAMS 0x00000000efd00000, 0x00000000efd00000| Complete 
| 254|0x00000000efe00000, 0x00000000eff00000, 0x00000000eff00000|100%| E|CS|TAMS 0x00000000efe00000, 0x00000000efe00000| Complete 
| 255|0x00000000eff00000, 0x00000000f0000000, 0x00000000f0000000|100%| E|CS|TAMS 0x00000000eff00000, 0x00000000eff00000| Complete 

Card table byte_map: [0x00000146e9810000,0x00000146e9910000] _byte_map_base: 0x00000146e9110000

Marking Bits (Prev, Next): (CMBitMap*) 0x00000146d0959850, (CMBitMap*) 0x00000146d0959890
 Prev Bits: [0x00000146e9a10000, 0x00000146ea210000)
 Next Bits: [0x00000146ea210000, 0x00000146eaa10000)

Polling page: 0x00000146d09e0000

Metaspace:

Usage:
  Non-class:     39.35 MB used.
      Class:      6.50 MB used.
       Both:     45.85 MB used.

Virtual space:
  Non-class space:       64.00 MB reserved,      39.62 MB ( 62%) committed,  1 nodes.
      Class space:      320.00 MB reserved,       6.69 MB (  2%) committed,  1 nodes.
             Both:      384.00 MB reserved,      46.31 MB ( 12%) committed. 

Chunk freelists:
   Non-Class:  8.12 MB
       Class:  9.19 MB
        Both:  17.31 MB

MaxMetaspaceSize: 384.00 MB
CompressedClassSpaceSize: 320.00 MB
Initial GC threshold: 21.00 MB
Current GC threshold: 58.69 MB
CDS: on
MetaspaceReclaimPolicy: balanced
 - commit_granule_bytes: 65536.
 - commit_granule_words: 8192.
 - virtual_space_node_default_size: 8388608.
 - enlarge_chunks_in_place: 1.
 - new_chunks_are_fully_committed: 0.
 - uncommit_free_chunks: 1.
 - use_allocation_guard: 0.
 - handle_deallocations: 1.


Internal statistics:

num_allocs_failed_limit: 6.
num_arena_births: 536.
num_arena_deaths: 0.
num_vsnodes_births: 2.
num_vsnodes_deaths: 0.
num_space_committed: 741.
num_space_uncommitted: 0.
num_chunks_returned_to_freelist: 6.
num_chunks_taken_from_freelist: 2417.
num_chunk_merges: 6.
num_chunk_splits: 1572.
num_chunks_enlarged: 1070.
num_inconsistent_stats: 0.

CodeHeap 'non-profiled nmethods': size=120000Kb used=2448Kb max_used=3024Kb free=117551Kb
 bounds [0x00000146e1550000, 0x00000146e1850000, 0x00000146e8a80000]
CodeHeap 'profiled nmethods': size=120000Kb used=9402Kb max_used=10048Kb free=110597Kb
 bounds [0x00000146d9a80000, 0x00000146da460000, 0x00000146e0fb0000]
CodeHeap 'non-nmethods': size=5760Kb used=2316Kb max_used=2358Kb free=3443Kb
 bounds [0x00000146e0fb0000, 0x00000146e1220000, 0x00000146e1550000]
 total_blobs=5329 nmethods=4500 adapters=740
 compilation: enabled
              stopped_count=0, restarted_count=0
 full_count=0

Compilation events (20 events):
Event: 52.999 Thread 0x00000146ed6b6d20 5279       3       org.gradle.internal.reflect.annotations.impl.DefaultTypeAnnotationMetadataStore$$Lambda$965/0x0000014681691768::test (12 bytes)
Event: 53.000 Thread 0x00000146ed6b6d20 nmethod 5279 0x00000146d9c8b810 code [0x00000146d9c8b9c0, 0x00000146d9c8bc68]
Event: 53.000 Thread 0x00000146ed6b6d20 5280       3       org.gradle.internal.reflect.annotations.impl.DefaultTypeAnnotationMetadataStore::lambda$isSetterProhibitedForType$15 (6 bytes)
Event: 53.000 Thread 0x00000146ed6b6d20 nmethod 5280 0x00000146d9f85390 code [0x00000146d9f85540, 0x00000146d9f85668]
Event: 53.001 Thread 0x00000146ed6b6d20 5281       3       com.google.common.collect.Multimaps$CustomSetMultimap::wrapCollection (58 bytes)
Event: 53.001 Thread 0x00000146ed6b6d20 nmethod 5281 0x00000146d9c8ab10 code [0x00000146d9c8ad40, 0x00000146d9c8b648]
Event: 53.002 Thread 0x00000146ed6b6d20 5282       3       org.gradle.internal.reflect.annotations.impl.DefaultTypeAnnotationMetadataStore$HasAnnotationMetadataBuilder::allAnnotationCategories (43 bytes)
Event: 53.003 Thread 0x00000146ed6b6d20 nmethod 5282 0x00000146d9fcbd10 code [0x00000146d9fcbfa0, 0x00000146d9fccbf8]
Event: 53.003 Thread 0x00000146ed6b6d20 5283       1       org.gradle.internal.properties.annotations.NoOpPropertyAnnotationHandler::isPropertyRelevant (2 bytes)
Event: 53.003 Thread 0x00000146ed6b6d20 nmethod 5283 0x00000146e16f2e10 code [0x00000146e16f2fa0, 0x00000146e16f3078]
Event: 53.023 Thread 0x00000146ed6b6d20 5284       3       org.gradle.internal.instantiation.generator.AsmBackedClassGenerator$ClassBuilderImpl::access$2700 (4 bytes)
Event: 53.024 Thread 0x00000146ed6b6d20 nmethod 5284 0x00000146d9afb690 code [0x00000146d9afb820, 0x00000146d9afb918]
Event: 53.085 Thread 0x00000146ed6b6d20 5285       3       org.objectweb.asm.MethodWriter::visitInvokeDynamicInsn (147 bytes)
Event: 53.086 Thread 0x00000146ed6b6d20 nmethod 5285 0x00000146d9fcb310 code [0x00000146d9fcb520, 0x00000146d9fcbaa8]
Event: 53.086 Thread 0x00000146ed6b6d20 5286       3       org.objectweb.asm.SymbolTable::addConstantInvokeDynamic (23 bytes)
Event: 53.087 Thread 0x00000146ed6b6d20 nmethod 5286 0x00000146d9c8a610 code [0x00000146d9c8a7c0, 0x00000146d9c8a958]
Event: 53.106 Thread 0x00000146ed6b6d20 5287       3       java.lang.String::equalsIgnoreCase (45 bytes)
Event: 53.107 Thread 0x00000146ed6b6d20 nmethod 5287 0x00000146d9fcaa10 code [0x00000146d9fcac00, 0x00000146d9fcb148]
Event: 53.132 Thread 0x00000146ed6b6d20 5288       3       java.lang.StringLatin1::regionMatchesCI (98 bytes)
Event: 53.133 Thread 0x00000146ed6b6d20 nmethod 5288 0x00000146d9e4e610 code [0x00000146d9e4e840, 0x00000146d9e4ef78]

GC Heap History (14 events):
Event: 2.948 GC heap before
{Heap before GC invocations=0 (full 0):
 garbage-first heap   total 262144K, used 23552K [0x00000000e0000000, 0x0000000100000000)
  region size 1024K, 23 young (23552K), 0 survivors (0K)
 Metaspace       used 1043K, committed 1216K, reserved 393216K
  class space    used 72K, committed 128K, reserved 327680K
}
Event: 3.237 GC heap after
{Heap after GC invocations=1 (full 0):
 garbage-first heap   total 262144K, used 1847K [0x00000000e0000000, 0x0000000100000000)
  region size 1024K, 2 young (2048K), 2 survivors (2048K)
 Metaspace       used 1043K, committed 1216K, reserved 393216K
  class space    used 72K, committed 128K, reserved 327680K
}
Event: 6.487 GC heap before
{Heap before GC invocations=1 (full 0):
 garbage-first heap   total 262144K, used 38711K [0x00000000e0000000, 0x0000000100000000)
  region size 1024K, 36 young (36864K), 2 survivors (2048K)
 Metaspace       used 4344K, committed 4544K, reserved 393216K
  class space    used 546K, committed 640K, reserved 327680K
}
Event: 6.531 GC heap after
{Heap after GC invocations=2 (full 0):
 garbage-first heap   total 262144K, used 10867K [0x00000000e0000000, 0x0000000100000000)
  region size 1024K, 5 young (5120K), 5 survivors (5120K)
 Metaspace       used 4344K, committed 4544K, reserved 393216K
  class space    used 546K, committed 640K, reserved 327680K
}
Event: 9.274 GC heap before
{Heap before GC invocations=2 (full 0):
 garbage-first heap   total 262144K, used 54899K [0x00000000e0000000, 0x0000000100000000)
  region size 1024K, 46 young (47104K), 5 survivors (5120K)
 Metaspace       used 4442K, committed 4608K, reserved 393216K
  class space    used 547K, committed 640K, reserved 327680K
}
Event: 9.287 GC heap after
{Heap after GC invocations=3 (full 0):
 garbage-first heap   total 262144K, used 16280K [0x00000000e0000000, 0x0000000100000000)
  region size 1024K, 5 young (5120K), 5 survivors (5120K)
 Metaspace       used 4442K, committed 4608K, reserved 393216K
  class space    used 547K, committed 640K, reserved 327680K
}
Event: 30.872 GC heap before
{Heap before GC invocations=3 (full 0):
 garbage-first heap   total 262144K, used 130968K [0x00000000e0000000, 0x0000000100000000)
  region size 1024K, 118 young (120832K), 5 survivors (5120K)
 Metaspace       used 21117K, committed 21504K, reserved 393216K
  class space    used 3049K, committed 3264K, reserved 327680K
}
Event: 31.029 GC heap after
{Heap after GC invocations=4 (full 0):
 garbage-first heap   total 262144K, used 23800K [0x00000000e0000000, 0x0000000100000000)
  region size 1024K, 12 young (12288K), 12 survivors (12288K)
 Metaspace       used 21117K, committed 21504K, reserved 393216K
  class space    used 3049K, committed 3264K, reserved 327680K
}
Event: 41.138 GC heap before
{Heap before GC invocations=5 (full 0):
 garbage-first heap   total 262144K, used 124152K [0x00000000e0000000, 0x0000000100000000)
  region size 1024K, 111 young (113664K), 12 survivors (12288K)
 Metaspace       used 33472K, committed 33920K, reserved 393216K
  class space    used 4714K, committed 4928K, reserved 327680K
}
Event: 41.175 GC heap after
{Heap after GC invocations=6 (full 0):
 garbage-first heap   total 262144K, used 31186K [0x00000000e0000000, 0x0000000100000000)
  region size 1024K, 8 young (8192K), 8 survivors (8192K)
 Metaspace       used 33472K, committed 33920K, reserved 393216K
  class space    used 4714K, committed 4928K, reserved 327680K
}
Event: 41.394 GC heap before
{Heap before GC invocations=6 (full 0):
 garbage-first heap   total 262144K, used 35282K [0x00000000e0000000, 0x0000000100000000)
  region size 1024K, 12 young (12288K), 8 survivors (8192K)
 Metaspace       used 33822K, committed 34176K, reserved 393216K
  class space    used 4766K, committed 4928K, reserved 327680K
}
Event: 41.409 GC heap after
{Heap after GC invocations=7 (full 0):
 garbage-first heap   total 262144K, used 31900K [0x00000000e0000000, 0x0000000100000000)
  region size 1024K, 2 young (2048K), 2 survivors (2048K)
 Metaspace       used 33822K, committed 34176K, reserved 393216K
  class space    used 4766K, committed 4928K, reserved 327680K
}
Event: 43.011 GC heap before
{Heap before GC invocations=7 (full 0):
 garbage-first heap   total 262144K, used 46236K [0x00000000e0000000, 0x0000000100000000)
  region size 1024K, 17 young (17408K), 2 survivors (2048K)
 Metaspace       used 35525K, committed 35968K, reserved 393216K
  class space    used 5015K, committed 5248K, reserved 327680K
}
Event: 43.016 GC heap after
{Heap after GC invocations=8 (full 0):
 garbage-first heap   total 262144K, used 31756K [0x00000000e0000000, 0x0000000100000000)
  region size 1024K, 2 young (2048K), 2 survivors (2048K)
 Metaspace       used 35525K, committed 35968K, reserved 393216K
  class space    used 5015K, committed 5248K, reserved 327680K
}

Dll operation events (15 events):
Event: 0.122 Loaded shared library C:\Program Files\Eclipse Adoptium\jdk-17.0.17.10-hotspot\bin\java.dll
Event: 0.217 Loaded shared library C:\Program Files\Eclipse Adoptium\jdk-17.0.17.10-hotspot\bin\jsvml.dll
Event: 0.523 Loaded shared library C:\Program Files\Eclipse Adoptium\jdk-17.0.17.10-hotspot\bin\zip.dll
Event: 0.538 Loaded shared library C:\Program Files\Eclipse Adoptium\jdk-17.0.17.10-hotspot\bin\instrument.dll
Event: 0.563 Loaded shared library C:\Program Files\Eclipse Adoptium\jdk-17.0.17.10-hotspot\bin\net.dll
Event: 0.581 Loaded shared library C:\Program Files\Eclipse Adoptium\jdk-17.0.17.10-hotspot\bin\nio.dll
Event: 0.592 Loaded shared library C:\Program Files\Eclipse Adoptium\jdk-17.0.17.10-hotspot\bin\zip.dll
Event: 2.650 Loaded shared library C:\Program Files\Eclipse Adoptium\jdk-17.0.17.10-hotspot\bin\jimage.dll
Event: 4.692 Loaded shared library C:\Program Files\Eclipse Adoptium\jdk-17.0.17.10-hotspot\bin\verify.dll
Event: 4.985 Loaded shared library C:\Users\Lenovo\.gradle\native\1def1411415f61bf3af743bc5b6707747c0891f09f0c88961ee8f79bc544acac\windows-amd64\native-platform.dll
Event: 5.027 Loaded shared library C:\Users\Lenovo\.gradle\native\0.2.7\x86_64-windows-gnu\gradle-fileevents.dll
Event: 10.481 Loaded shared library C:\Program Files\Eclipse Adoptium\jdk-17.0.17.10-hotspot\bin\management.dll
Event: 10.546 Loaded shared library C:\Program Files\Eclipse Adoptium\jdk-17.0.17.10-hotspot\bin\management_ext.dll
Event: 12.566 Loaded shared library C:\Program Files\Eclipse Adoptium\jdk-17.0.17.10-hotspot\bin\extnet.dll
Event: 15.724 Loaded shared library C:\Program Files\Eclipse Adoptium\jdk-17.0.17.10-hotspot\bin\sunmscapi.dll

Deoptimization events (20 events):
Event: 51.979 Thread 0x00000146f32b32d0 Uncommon trap: trap_request=0xffffffde fr.pc=0x00000146e16638e8 relative=0x0000000000000428
Event: 51.979 Thread 0x00000146f32b32d0 Uncommon trap: reason=class_check action=maybe_recompile pc=0x00000146e16638e8 method=java.util.Collections$SetFromMap.remove(Ljava/lang/Object;)Z @ 5 c2
Event: 51.979 Thread 0x00000146f32b32d0 DEOPT PACKING pc=0x00000146e16638e8 sp=0x00000041b58fb680
Event: 51.979 Thread 0x00000146f32b32d0 DEOPT UNPACKING pc=0x00000146e10069a3 sp=0x00000041b58fb658 mode 2
Event: 52.722 Thread 0x00000146f32b32d0 Uncommon trap: trap_request=0xffffffde fr.pc=0x00000146e167c3a0 relative=0x0000000000004160
Event: 52.722 Thread 0x00000146f32b32d0 Uncommon trap: reason=class_check action=maybe_recompile pc=0x00000146e167c3a0 method=com.google.common.reflect.TypeVisitor.visit([Ljava/lang/reflect/Type;)V @ 99 c2
Event: 52.722 Thread 0x00000146f32b32d0 DEOPT PACKING pc=0x00000146e167c3a0 sp=0x00000041b58f94f0
Event: 52.722 Thread 0x00000146f32b32d0 DEOPT UNPACKING pc=0x00000146e10069a3 sp=0x00000041b58f9538 mode 2
Event: 52.724 Thread 0x00000146f32b32d0 Uncommon trap: trap_request=0xffffffde fr.pc=0x00000146e167c3a0 relative=0x0000000000004160
Event: 52.724 Thread 0x00000146f32b32d0 Uncommon trap: reason=class_check action=maybe_recompile pc=0x00000146e167c3a0 method=com.google.common.reflect.TypeVisitor.visit([Ljava/lang/reflect/Type;)V @ 99 c2
Event: 52.724 Thread 0x00000146f32b32d0 DEOPT PACKING pc=0x00000146e167c3a0 sp=0x00000041b58f95f0
Event: 52.724 Thread 0x00000146f32b32d0 DEOPT UNPACKING pc=0x00000146e10069a3 sp=0x00000041b58f9638 mode 2
Event: 52.724 Thread 0x00000146f32b32d0 Uncommon trap: trap_request=0xffffffde fr.pc=0x00000146e167c3a0 relative=0x0000000000004160
Event: 52.724 Thread 0x00000146f32b32d0 Uncommon trap: reason=class_check action=maybe_recompile pc=0x00000146e167c3a0 method=com.google.common.reflect.TypeVisitor.visit([Ljava/lang/reflect/Type;)V @ 99 c2
Event: 52.724 Thread 0x00000146f32b32d0 DEOPT PACKING pc=0x00000146e167c3a0 sp=0x00000041b58f9500
Event: 52.724 Thread 0x00000146f32b32d0 DEOPT UNPACKING pc=0x00000146e10069a3 sp=0x00000041b58f9548 mode 2
Event: 52.725 Thread 0x00000146f32b32d0 Uncommon trap: trap_request=0xffffffde fr.pc=0x00000146e167c3a0 relative=0x0000000000004160
Event: 52.725 Thread 0x00000146f32b32d0 Uncommon trap: reason=class_check action=maybe_recompile pc=0x00000146e167c3a0 method=com.google.common.reflect.TypeVisitor.visit([Ljava/lang/reflect/Type;)V @ 99 c2
Event: 52.725 Thread 0x00000146f32b32d0 DEOPT PACKING pc=0x00000146e167c3a0 sp=0x00000041b58f94f0
Event: 52.725 Thread 0x00000146f32b32d0 DEOPT UNPACKING pc=0x00000146e10069a3 sp=0x00000041b58f9538 mode 2

Classes loaded (20 events):
Event: 49.695 Loading class org/xml/sax/Attributes
Event: 49.697 Loading class org/xml/sax/Attributes done
Event: 49.765 Loading class java/util/AbstractCollectionBeanInfo
Event: 49.766 Loading class java/util/AbstractCollectionBeanInfo done
Event: 49.767 Loading class java/util/AbstractCollectionBeanInfo
Event: 49.767 Loading class java/util/AbstractCollectionBeanInfo done
Event: 49.767 Loading class java/util/AbstractCollectionCustomizer
Event: 49.767 Loading class java/util/AbstractCollectionCustomizer done
Event: 49.767 Loading class java/util/AbstractCollectionCustomizer
Event: 49.767 Loading class java/util/AbstractCollectionCustomizer done
Event: 49.768 Loading class sun/reflect/generics/reflectiveObjects/GenericArrayTypeImpl
Event: 49.768 Loading class sun/reflect/generics/reflectiveObjects/GenericArrayTypeImpl done
Event: 50.020 Loading class jdk/internal/reflect/UnsafeObjectFieldAccessorImpl
Event: 50.024 Loading class jdk/internal/reflect/UnsafeObjectFieldAccessorImpl done
Event: 50.982 Loading class java/util/stream/ReduceOps$5
Event: 50.984 Loading class java/util/stream/ReduceOps$5 done
Event: 50.984 Loading class java/util/stream/ReduceOps$CountingSink$OfRef
Event: 50.986 Loading class java/util/stream/ReduceOps$CountingSink
Event: 50.986 Loading class java/util/stream/ReduceOps$CountingSink done
Event: 50.986 Loading class java/util/stream/ReduceOps$CountingSink$OfRef done

Classes unloaded (0 events):
No events

Classes redefined (0 events):
No events

Internal exceptions (20 events):
Event: 51.056 Thread 0x00000146f32b32d0 Exception <a 'java/lang/ClassNotFoundException'{0x00000000e9b544a8}: org/gradle/api/tasks/testing/AbstractTestTaskBeanInfo> (0x00000000e9b544a8) 
thrown [s\src\hotspot\share\classfile\systemDictionary.cpp, line 256]
Event: 51.065 Thread 0x00000146f32b32d0 Exception <a 'java/lang/ClassNotFoundException'{0x00000000e9b66b88}: org/gradle/api/internal/ConventionTaskBeanInfo> (0x00000000e9b66b88) 
thrown [s\src\hotspot\share\classfile\systemDictionary.cpp, line 256]
Event: 51.075 Thread 0x00000146f32b32d0 Exception <a 'java/lang/ClassNotFoundException'{0x00000000e9b78df0}: org/gradle/api/DefaultTaskBeanInfo> (0x00000000e9b78df0) 
thrown [s\src\hotspot\share\classfile\systemDictionary.cpp, line 256]
Event: 51.083 Thread 0x00000146f32b32d0 Exception <a 'java/lang/ClassNotFoundException'{0x00000000e9b8b7b0}: org/gradle/api/internal/AbstractTaskBeanInfo> (0x00000000e9b8b7b0) 
thrown [s\src\hotspot\share\classfile\systemDictionary.cpp, line 256]
Event: 51.089 Thread 0x00000146f32b32d0 Exception <a 'java/lang/ClassNotFoundException'{0x00000000e9b9de60}: org/gradle/api/internal/AbstractTaskCustomizer> (0x00000000e9b9de60) 
thrown [s\src\hotspot\share\classfile\systemDictionary.cpp, line 256]
Event: 51.116 Thread 0x00000146f32b32d0 Exception <a 'java/lang/ClassNotFoundException'{0x00000000e9a05cf8}: org/gradle/api/DefaultTaskCustomizer> (0x00000000e9a05cf8) 
thrown [s\src\hotspot\share\classfile\systemDictionary.cpp, line 256]
Event: 51.136 Thread 0x00000146f32b32d0 Exception <a 'java/lang/ClassNotFoundException'{0x00000000e9a756b8}: org/gradle/api/internal/ConventionTaskCustomizer> (0x00000000e9a756b8) 
thrown [s\src\hotspot\share\classfile\systemDictionary.cpp, line 256]
Event: 51.143 Thread 0x00000146f32b32d0 Exception <a 'java/lang/ClassNotFoundException'{0x00000000e9a99c48}: org/gradle/api/tasks/testing/AbstractTestTaskCustomizer> (0x00000000e9a99c48) 
thrown [s\src\hotspot\share\classfile\systemDictionary.cpp, line 256]
Event: 51.154 Thread 0x00000146f32b32d0 Exception <a 'java/lang/ClassNotFoundException'{0x00000000e9acb8f0}: org/gradle/api/tasks/testing/TestCustomizer> (0x00000000e9acb8f0) 
thrown [s\src\hotspot\share\classfile\systemDictionary.cpp, line 256]
Event: 51.183 Thread 0x00000146f32b32d0 Exception <a 'java/lang/ClassNotFoundException'{0x00000000e996ad70}: org/gradle/api/tasks/testing/Test_DecoratedCustomizer> (0x00000000e996ad70) 
thrown [s\src\hotspot\share\classfile\systemDictionary.cpp, line 256]
Event: 51.748 Thread 0x00000146f32b32d0 Exception <a 'java/lang/ClassNotFoundException'{0x00000000e96e4f00}: org/gradle/api/internal/tasks/testing/logging/DefaultTestLoggingContainer_DecoratedBeanInfo> (0x00000000e96e4f00) 
thrown [s\src\hotspot\share\classfile\systemDictionary.cpp, line 256]
Event: 51.781 Thread 0x00000146f32b32d0 Exception <a 'java/lang/ClassNotFoundException'{0x00000000e96fcb28}: org/gradle/api/internal/tasks/testing/logging/DefaultTestLoggingContainerBeanInfo> (0x00000000e96fcb28) 
thrown [s\src\hotspot\share\classfile\systemDictionary.cpp, line 256]
Event: 51.798 Thread 0x00000146f32b32d0 Exception <a 'java/lang/ClassNotFoundException'{0x00000000e95149f0}: org/gradle/api/internal/tasks/testing/logging/DefaultTestLoggingContainerCustomizer> (0x00000000e95149f0) 
thrown [s\src\hotspot\share\classfile\systemDictionary.cpp, line 256]
Event: 51.816 Thread 0x00000146f32b32d0 Exception <a 'java/lang/ClassNotFoundException'{0x00000000e9555ee8}: org/gradle/api/internal/tasks/testing/logging/DefaultTestLoggingContainer_DecoratedCustomizer> (0x00000000e9555ee8) 
thrown [s\src\hotspot\share\classfile\systemDictionary.cpp, line 256]
Event: 52.671 Thread 0x00000146f32b32d0 Exception <a 'java/lang/NoSuchMethodError'{0x00000000e93a37b8}: 'java.lang.Object java.lang.invoke.DirectMethodHandle$Holder.newInvokeSpecial(java.lang.Object, java.lang.Object, java.lang.Object, int)'> (0x00000000e93a37b8) 
thrown [s\src\hotspot\share\interpreter\linkResolver.cpp, line 759]
Event: 52.677 Thread 0x00000146f32b32d0 Exception <a 'java/lang/NoSuchMethodError'{0x00000000e93a82d0}: 'java.lang.Object java.lang.invoke.DirectMethodHandle$Holder.invokeSpecial(java.lang.Object, java.lang.Object, java.lang.Object, java.lang.Object, int)'> (0x00000000e93a82d0) 
thrown [s\src\hotspot\share\interpreter\linkResolver.cpp, line 759]
Event: 52.680 Thread 0x00000146f32b32d0 Exception <a 'java/lang/NoSuchMethodError'{0x00000000e93ac748}: 'java.lang.Object java.lang.invoke.Invokers$Holder.linkToTargetMethod(java.lang.Object, java.lang.Object, int, java.lang.Object)'> (0x00000000e93ac748) 
thrown [s\src\hotspot\share\interpreter\linkResolver.cpp, line 759]
Event: 52.799 Thread 0x00000146f32b32d0 Exception <a 'java/lang/NoSuchMethodError'{0x00000000e92178b8}: 'java.lang.Object java.lang.invoke.DirectMethodHandle$Holder.newInvokeSpecial(java.lang.Object, java.lang.Object, java.lang.Object, java.lang.Object, java.lang.Object, java.lang.Object, int)'> (0x00000000e92178b8) 
thrown [s\src\hotspot\share\interpreter\linkResolver.cpp, line 759]
Event: 52.807 Thread 0x00000146f32b32d0 Exception <a 'java/lang/NoSuchMethodError'{0x00000000e921d308}: 'java.lang.Object java.lang.invoke.DirectMethodHandle$Holder.invokeSpecial(java.lang.Object, java.lang.Object, java.lang.Object, java.lang.Object, java.lang.Object, java.lang.Object, java.lang.Object, int)'> (0x00000000e921d308) 
thrown [s\src\hotspot\share\interpreter\linkResolver.cpp, line 759]
Event: 53.192 Thread 0x00000146f32b32d0 Exception <a 'java/lang/NoSuchMethodError'{0x00000000e8f41b80}: 'java.lang.Object java.lang.invoke.DirectMethodHandle$Holder.newInvokeSpecial(java.lang.Object, int, java.lang.Object)'> (0x00000000e8f41b80) 
thrown [s\src\hotspot\share\interpreter\linkResolver.cpp, line 759]

VM Operations (20 events):
Event: 47.896 Executing VM operation: HandshakeAllThreads
Event: 47.896 Executing VM operation: HandshakeAllThreads done
Event: 48.339 Executing VM operation: HandshakeAllThreads
Event: 48.339 Executing VM operation: HandshakeAllThreads done
Event: 48.339 Executing VM operation: Cleanup
Event: 48.340 Executing VM operation: Cleanup done
Event: 48.369 Executing VM operation: HandshakeAllThreads
Event: 48.369 Executing VM operation: HandshakeAllThreads done
Event: 49.376 Executing VM operation: Cleanup
Event: 49.376 Executing VM operation: Cleanup done
Event: 50.391 Executing VM operation: Cleanup
Event: 50.392 Executing VM operation: Cleanup done
Event: 50.805 Executing VM operation: HandshakeAllThreads
Event: 50.805 Executing VM operation: HandshakeAllThreads done
Event: 51.819 Executing VM operation: Cleanup
Event: 51.819 Executing VM operation: Cleanup done
Event: 52.641 Executing VM operation: HandshakeAllThreads
Event: 52.641 Executing VM operation: HandshakeAllThreads done
Event: 53.656 Executing VM operation: Cleanup
Event: 53.657 Executing VM operation: Cleanup done

Memory protections (0 events):
No events

Nmethod flushes (20 events):
Event: 48.382 Thread 0x00000146ed6b7630 flushing  nmethod 0x00000146da227410
Event: 48.382 Thread 0x00000146ed6b7630 flushing  nmethod 0x00000146da227790
Event: 48.382 Thread 0x00000146ed6b7630 flushing  nmethod 0x00000146da230110
Event: 48.382 Thread 0x00000146ed6b7630 flushing  nmethod 0x00000146da230a10
Event: 48.382 Thread 0x00000146ed6b7630 flushing  nmethod 0x00000146da231810
Event: 48.382 Thread 0x00000146ed6b7630 flushing  nmethod 0x00000146da232210
Event: 48.382 Thread 0x00000146ed6b7630 flushing  nmethod 0x00000146da273890
Event: 48.382 Thread 0x00000146ed6b7630 flushing  nmethod 0x00000146da275310
Event: 48.382 Thread 0x00000146ed6b7630 flushing  nmethod 0x00000146da295a90
Event: 48.383 Thread 0x00000146ed6b7630 flushing  nmethod 0x00000146da316e90
Event: 48.383 Thread 0x00000146ed6b7630 flushing  nmethod 0x00000146da32f390
Event: 48.383 Thread 0x00000146ed6b7630 flushing  nmethod 0x00000146da346790
Event: 48.383 Thread 0x00000146ed6b7630 flushing  nmethod 0x00000146da34ae10
Event: 48.383 Thread 0x00000146ed6b7630 flushing  nmethod 0x00000146da363510
Event: 48.383 Thread 0x00000146ed6b7630 flushing  nmethod 0x00000146da363910
Event: 48.383 Thread 0x00000146ed6b7630 flushing  nmethod 0x00000146da364210
Event: 48.383 Thread 0x00000146ed6b7630 flushing  nmethod 0x00000146da365390
Event: 48.383 Thread 0x00000146ed6b7630 flushing  nmethod 0x00000146da365710
Event: 48.384 Thread 0x00000146ed6b7630 flushing  nmethod 0x00000146da3c4210
Event: 48.384 Thread 0x00000146ed6b7630 flushing  nmethod 0x00000146da3ff910

Events (20 events):
Event: 19.525 Thread 0x00000146f32b32d0 Thread added: 0x00000146f32b1470
Event: 19.608 Thread 0x00000146f32b32d0 Thread added: 0x00000146f32b1980
Event: 19.617 Thread 0x00000146f32b32d0 Thread added: 0x00000146f32b2dc0
Event: 23.872 Thread 0x00000146f32b32d0 Thread added: 0x00000146f32b4200
Event: 23.929 Thread 0x00000146f32b32d0 Thread added: 0x00000146f32b4710
Event: 24.193 Thread 0x00000146f32b32d0 Thread added: 0x00000146f32b23a0
Event: 30.087 Thread 0x00000146f32b32d0 Thread added: 0x00000146f3fa75e0
Event: 30.212 Thread 0x00000146f32b32d0 Thread added: 0x00000146f3fa7af0
Event: 32.181 Thread 0x00000146f32b32d0 Thread added: 0x00000146f3fa8a20
Event: 32.267 Thread 0x00000146f32b32d0 Thread added: 0x00000146f3fa61a0
Event: 38.296 Thread 0x00000146f32b4710 Thread added: 0x00000146f3fa70d0
Event: 38.505 Thread 0x00000146f32b32d0 Thread added: 0x00000146f3fa9950
Event: 39.478 Thread 0x00000146f32b32d0 Thread added: 0x00000146f3fa9e60
Event: 40.149 Thread 0x00000146f32b32d0 Thread added: 0x00000146f3faa370
Event: 40.305 Thread 0x00000146f32b32d0 Thread added: 0x00000146f3fa6bc0
Event: 41.593 Thread 0x00000146f32b32d0 Thread added: 0x00000146f3faa880
Event: 41.950 Thread 0x00000146f32b32d0 Thread added: 0x00000146f3faad90
Event: 45.300 Thread 0x00000146f32b32d0 Thread added: 0x00000146f3fabcc0
Event: 47.932 Thread 0x00000146f32b32d0 Thread added: 0x00000146f3facbf0
Event: 49.490 Thread 0x00000146f32b32d0 Thread added: 0x00000146f3fac6e0


Dynamic libraries:
0x00007ff664470000 - 0x00007ff66447e000 	C:\Program Files\Eclipse Adoptium\jdk-17.0.17.10-hotspot\bin\java.exe
0x00007ffc51000000 - 0x00007ffc51267000 	C:\WINDOWS\SYSTEM32\ntdll.dll
0x00007ffc4fe00000 - 0x00007ffc4fec9000 	C:\WINDOWS\System32\KERNEL32.DLL
0x00007ffc4e9a0000 - 0x00007ffc4ed8f000 	C:\WINDOWS\System32\KERNELBASE.dll
0x00007ffc4e770000 - 0x00007ffc4e8bb000 	C:\WINDOWS\System32\ucrtbase.dll
0x00007ffc38f40000 - 0x00007ffc38f5e000 	C:\Program Files\Eclipse Adoptium\jdk-17.0.17.10-hotspot\bin\VCRUNTIME140.dll
0x00007ffc38df0000 - 0x00007ffc38e08000 	C:\Program Files\Eclipse Adoptium\jdk-17.0.17.10-hotspot\bin\jli.dll
0x00007ffc50560000 - 0x00007ffc50725000 	C:\WINDOWS\System32\USER32.dll
0x00007ffc4e970000 - 0x00007ffc4e997000 	C:\WINDOWS\System32\win32u.dll
0x00007ffc4f090000 - 0x00007ffc4f0bb000 	C:\WINDOWS\System32\GDI32.dll
0x00007ffc4e4d0000 - 0x00007ffc4e5fc000 	C:\WINDOWS\System32\gdi32full.dll
0x00007ffc4e420000 - 0x00007ffc4e4c3000 	C:\WINDOWS\System32\msvcp_win.dll
0x00007ffc33310000 - 0x00007ffc335a3000 	C:\WINDOWS\WinSxS\amd64_microsoft.windows.common-controls_6595b64144ccf1df_6.0.26100.7309_none_3e05feeae336a044\COMCTL32.dll
0x00007ffc50870000 - 0x00007ffc50919000 	C:\WINDOWS\System32\msvcrt.dll
0x00007ffc50170000 - 0x00007ffc501a1000 	C:\WINDOWS\System32\IMM32.DLL
0x00007ffc3bef0000 - 0x00007ffc3befc000 	C:\Program Files\Eclipse Adoptium\jdk-17.0.17.10-hotspot\bin\vcruntime140_1.dll
0x00007ffbf0a80000 - 0x00007ffbf0b0d000 	C:\Program Files\Eclipse Adoptium\jdk-17.0.17.10-hotspot\bin\msvcp140.dll
0x00007ffb6bd50000 - 0x00007ffb6c9bb000 	C:\Program Files\Eclipse Adoptium\jdk-17.0.17.10-hotspot\bin\server\jvm.dll
0x00007ffc50de0000 - 0x00007ffc50e94000 	C:\WINDOWS\System32\ADVAPI32.dll
0x00007ffc4f550000 - 0x00007ffc4f5f6000 	C:\WINDOWS\System32\sechost.dll
0x00007ffc503c0000 - 0x00007ffc504d8000 	C:\WINDOWS\System32\RPCRT4.dll
0x00007ffc504e0000 - 0x00007ffc50554000 	C:\WINDOWS\System32\WS2_32.dll
0x00007ffc469c0000 - 0x00007ffc469f5000 	C:\WINDOWS\SYSTEM32\WINMM.dll
0x00007ffc4dfb0000 - 0x00007ffc4e00e000 	C:\WINDOWS\SYSTEM32\POWRPROF.dll
0x00007ffc47460000 - 0x00007ffc4746b000 	C:\WINDOWS\SYSTEM32\VERSION.dll
0x00007ffc4df90000 - 0x00007ffc4dfa4000 	C:\WINDOWS\SYSTEM32\UMPDC.dll
0x00007ffc4cf00000 - 0x00007ffc4cf1b000 	C:\WINDOWS\SYSTEM32\kernel.appcore.dll
0x00007ffc3af10000 - 0x00007ffc3af1a000 	C:\Program Files\Eclipse Adoptium\jdk-17.0.17.10-hotspot\bin\jimage.dll
0x00007ffc4bac0000 - 0x00007ffc4bd02000 	C:\WINDOWS\SYSTEM32\DBGHELP.DLL
0x00007ffc4f0c0000 - 0x00007ffc4f446000 	C:\WINDOWS\System32\combase.dll
0x00007ffc50740000 - 0x00007ffc50816000 	C:\WINDOWS\System32\OLEAUT32.dll
0x00007ffc32930000 - 0x00007ffc3296c000 	C:\WINDOWS\SYSTEM32\dbgcore.DLL
0x00007ffc4e8c0000 - 0x00007ffc4e965000 	C:\WINDOWS\System32\bcryptPrimitives.dll
0x00007ffc1b8d0000 - 0x00007ffc1b8de000 	C:\Program Files\Eclipse Adoptium\jdk-17.0.17.10-hotspot\bin\instrument.dll
0x00007ffc189c0000 - 0x00007ffc189e5000 	C:\Program Files\Eclipse Adoptium\jdk-17.0.17.10-hotspot\bin\java.dll
0x00007ffbe2a40000 - 0x00007ffbe2b17000 	C:\Program Files\Eclipse Adoptium\jdk-17.0.17.10-hotspot\bin\jsvml.dll
0x00007ffc4f6a0000 - 0x00007ffc4fdf3000 	C:\WINDOWS\System32\SHELL32.dll
0x00007ffc4e600000 - 0x00007ffc4e76a000 	C:\WINDOWS\System32\wintypes.dll
0x00007ffc4bd40000 - 0x00007ffc4c59e000 	C:\WINDOWS\SYSTEM32\windows.storage.dll
0x00007ffc4ef90000 - 0x00007ffc4f085000 	C:\WINDOWS\System32\SHCORE.dll
0x00007ffc4ff50000 - 0x00007ffc4ffb6000 	C:\WINDOWS\System32\shlwapi.dll
0x00007ffc4e070000 - 0x00007ffc4e099000 	C:\WINDOWS\SYSTEM32\profapi.dll
0x00007ffc189a0000 - 0x00007ffc189b8000 	C:\Program Files\Eclipse Adoptium\jdk-17.0.17.10-hotspot\bin\zip.dll
0x00007ffc18980000 - 0x00007ffc1899a000 	C:\Program Files\Eclipse Adoptium\jdk-17.0.17.10-hotspot\bin\net.dll
0x00007ffc47170000 - 0x00007ffc47298000 	C:\WINDOWS\SYSTEM32\WINHTTP.dll
0x00007ffc4d470000 - 0x00007ffc4d4db000 	C:\WINDOWS\system32\mswsock.dll
0x00007ffc041d0000 - 0x00007ffc041e6000 	C:\Program Files\Eclipse Adoptium\jdk-17.0.17.10-hotspot\bin\nio.dll
0x00007ffc1a610000 - 0x00007ffc1a620000 	C:\Program Files\Eclipse Adoptium\jdk-17.0.17.10-hotspot\bin\verify.dll
0x00007ffc3c9e0000 - 0x00007ffc3ca07000 	C:\Users\Lenovo\.gradle\native\1def1411415f61bf3af743bc5b6707747c0891f09f0c88961ee8f79bc544acac\windows-amd64\native-platform.dll
0x00007ffbeac70000 - 0x00007ffbeace8000 	C:\Users\Lenovo\.gradle\native\0.2.7\x86_64-windows-gnu\gradle-fileevents.dll
0x00007ffc1a570000 - 0x00007ffc1a57a000 	C:\Program Files\Eclipse Adoptium\jdk-17.0.17.10-hotspot\bin\management.dll
0x00007ffc18970000 - 0x00007ffc1897c000 	C:\Program Files\Eclipse Adoptium\jdk-17.0.17.10-hotspot\bin\management_ext.dll
0x00007ffc4eda0000 - 0x00007ffc4eda8000 	C:\WINDOWS\System32\PSAPI.DLL
0x00007ffc4c8c0000 - 0x00007ffc4c8f4000 	C:\WINDOWS\SYSTEM32\IPHLPAPI.DLL
0x00007ffc50160000 - 0x00007ffc5016a000 	C:\WINDOWS\System32\NSI.dll
0x00007ffc47470000 - 0x00007ffc4748e000 	C:\WINDOWS\SYSTEM32\dhcpcsvc6.DLL
0x00007ffc46990000 - 0x00007ffc469b3000 	C:\WINDOWS\SYSTEM32\dhcpcsvc.DLL
0x00007ffc4c960000 - 0x00007ffc4ca8c000 	C:\WINDOWS\SYSTEM32\DNSAPI.dll
0x00007ffc17750000 - 0x00007ffc17759000 	C:\Program Files\Eclipse Adoptium\jdk-17.0.17.10-hotspot\bin\extnet.dll
0x00007ffc4d730000 - 0x00007ffc4d74b000 	C:\WINDOWS\SYSTEM32\CRYPTSP.dll
0x00007ffc4ce60000 - 0x00007ffc4ce9a000 	C:\WINDOWS\system32\rsaenh.dll
0x00007ffc4d520000 - 0x00007ffc4d54b000 	C:\WINDOWS\SYSTEM32\USERENV.dll
0x00007ffc4e040000 - 0x00007ffc4e06a000 	C:\WINDOWS\SYSTEM32\bcrypt.dll
0x00007ffc4d750000 - 0x00007ffc4d75c000 	C:\WINDOWS\SYSTEM32\CRYPTBASE.dll
0x00007ffc16c30000 - 0x00007ffc16c3e000 	C:\Program Files\Eclipse Adoptium\jdk-17.0.17.10-hotspot\bin\sunmscapi.dll
0x00007ffc4e210000 - 0x00007ffc4e387000 	C:\WINDOWS\System32\CRYPT32.dll
0x00007ffc4d950000 - 0x00007ffc4d980000 	C:\WINDOWS\SYSTEM32\ncrypt.dll
0x00007ffc4d900000 - 0x00007ffc4d93f000 	C:\WINDOWS\SYSTEM32\NTASN1.dll
0x00007ffbb82c0000 - 0x00007ffbb82c8000 	C:\WINDOWS\system32\wshunix.dll

dbghelp: loaded successfully - version: 4.0.5 - missing functions: none
symbol engine: initialized successfully - sym options: 0x614 - pdb path: .;C:\Program Files\Eclipse Adoptium\jdk-17.0.17.10-hotspot\bin;C:\WINDOWS\SYSTEM32;C:\WINDOWS\WinSxS\amd64_microsoft.windows.common-controls_6595b64144ccf1df_6.0.26100.7309_none_3e05feeae336a044;C:\Program Files\Eclipse Adoptium\jdk-17.0.17.10-hotspot\bin\server;C:\Users\Lenovo\.gradle\native\1def1411415f61bf3af743bc5b6707747c0891f09f0c88961ee8f79bc544acac\windows-amd64;C:\Users\Lenovo\.gradle\native\0.2.7\x86_64-windows-gnu

VM Arguments:
jvm_args: --add-opens=java.base/java.lang=ALL-UNNAMED --add-opens=java.base/java.lang.invoke=ALL-UNNAMED --add-opens=java.base/java.util=ALL-UNNAMED --add-opens=java.prefs/java.util.prefs=ALL-UNNAMED --add-exports=jdk.compiler/com.sun.tools.javac.api=ALL-UNNAMED --add-exports=jdk.compiler/com.sun.tools.javac.util=ALL-UNNAMED --add-opens=java.base/java.util=ALL-UNNAMED --add-opens=java.prefs/java.util.prefs=ALL-UNNAMED --add-opens=java.base/java.nio.charset=ALL-UNNAMED --add-opens=java.base/java.net=ALL-UNNAMED --add-opens=java.base/java.util.concurrent.atomic=ALL-UNNAMED --add-opens=java.xml/javax.xml.namespace=ALL-UNNAMED -XX:MaxMetaspaceSize=384m -XX:+HeapDumpOnOutOfMemoryError -Xms256m -Xmx512m -Dfile.encoding=windows-1252 -Duser.country=IN -Duser.language=en -Duser.variant -javaagent:C:\Users\Lenovo\.gradle\wrapper\dists\gradle-8.14-bin\38aieal9i53h9rfe7vjup95b9\gradle-8.14\lib\agents\gradle-instrumentation-agent-8.14.jar 
java_command: org.gradle.launcher.daemon.bootstrap.GradleDaemon 8.14
java_class_path (initial): C:\Users\Lenovo\.gradle\wrapper\dists\gradle-8.14-bin\38aieal9i53h9rfe7vjup95b9\gradle-8.14\lib\gradle-daemon-main-8.14.jar
Launcher Type: SUN_STANDARD

[Global flags]
     intx CICompilerCount                          = 4                                         {product} {ergonomic}
   size_t CompressedClassSpaceSize                 = 335544320                                 {product} {ergonomic}
     uint ConcGCThreads                            = 3                                         {product} {ergonomic}
     uint G1ConcRefinementThreads                  = 10                                        {product} {ergonomic}
   size_t G1HeapRegionSize                         = 1048576                                   {product} {ergonomic}
    uintx GCDrainStackTargetSize                   = 64                                        {product} {ergonomic}
     bool HeapDumpOnOutOfMemoryError               = true                                   {manageable} {command line}
   size_t InitialHeapSize                          = 268435456                                 {product} {command line}
   size_t MarkStackSize                            = 4194304                                   {product} {ergonomic}
   size_t MaxHeapSize                              = 536870912                                 {product} {command line}
   size_t MaxMetaspaceSize                         = 402653184                                 {product} {command line}
   size_t MaxNewSize                               = 321912832                                 {product} {ergonomic}
   size_t MinHeapDeltaBytes                        = 1048576                                   {product} {ergonomic}
   size_t MinHeapSize                              = 268435456                                 {product} {command line}
    uintx NonNMethodCodeHeapSize                   = 5839372                                {pd product} {ergonomic}
    uintx NonProfiledCodeHeapSize                  = 122909434                              {pd product} {ergonomic}
    uintx ProfiledCodeHeapSize                     = 122909434                              {pd product} {ergonomic}
    uintx ReservedCodeCacheSize                    = 251658240                              {pd product} {ergonomic}
     bool SegmentedCodeCache                       = true                                      {product} {ergonomic}
   size_t SoftMaxHeapSize                          = 536870912                              {manageable} {ergonomic}
     bool UseCompressedClassPointers               = true                           {product lp64_product} {ergonomic}
     bool UseCompressedOops                        = true                           {product lp64_product} {ergonomic}
     bool UseG1GC                                  = true                                      {product} {ergonomic}
     bool UseLargePagesIndividualAllocation        = false                                  {pd product} {ergonomic}

Logging:
Log output configuration:
 #0: stdout all=warning uptime,level,tags
 #1: stderr all=off uptime,level,tags

Environment Variables:
JAVA_HOME=C:\Program Files\Eclipse Adoptium\jdk-17.0.17.10-hotspot\
PATH=C:\Program Files\Eclipse Adoptium\jdk-17.0.17.10-hotspot\bin;C:\Python314\Scripts\;C:\Python314\;C:\Program Files\Eclipse Adoptium\jdk-11.0.29.7-hotspot\bin;C:\WINDOWS\system32;C:\WINDOWS;C:\WINDOWS\System32\Wbem;C:\WINDOWS\System32\WindowsPowerShell\v1.0\;C:\WINDOWS\System32\OpenSSH\;C:\Program Files\dotnet\;C:\Program Files\nodejs\;C:\ProgramData\chocolatey\bin;C:\Users\Lenovo\AppData\Local\Android\Sdk\platform-tools;C:\Program Files\Git\cmd;C:\Users\Lenovo\AppData\Local\Microsoft\WindowsApps;C:\Users\Lenovo\.dotnet\tools;C:\Users\Lenovo\AppData\Roaming\npm;C:\Program Files\JetBrains\IntelliJ IDEA 2025.3.2\bin;C:\Users\Lenovo\AppData\Local\Android\Sdk\platform-tools;C:\Users\Lenovo\AppData\Local\Android\Sdk\emulator;
USERNAME=Lenovo
TERM=xterm
OS=Windows_NT
PROCESSOR_IDENTIFIER=AMD64 Family 23 Model 104 Stepping 1, AuthenticAMD
TMP=C:\Users\Lenovo\AppData\Local\Temp
TEMP=C:\Users\Lenovo\AppData\Local\Temp



Periodic native trim disabled


---------------  S Y S T E M  ---------------

OS:
 Windows 11 , 64 bit Build 26100 (10.0.26100.7623)
OS uptime: 8 days 4:46 hours
Hyper-V role detected

CPU: total 12 (initial active 12) (12 cores per cpu, 2 threads per core) family 23 model 104 stepping 1 microcode 0x8608109, cx8, cmov, fxsr, ht, mmx, 3dnowpref, sse, sse2, sse3, ssse3, sse4a, sse4.1, sse4.2, popcnt, lzcnt, tsc, tscinvbit, avx, avx2, aes, clmul, bmi1, bmi2, adx, sha, fma, vzeroupper, clflush, clflushopt, hv
Processor Information for all 12 processors :
  Max Mhz: 2100, Current Mhz: 2100, Mhz Limit: 2100

Memory: 4k page, system-wide physical 5989M (16M free)
TotalPageFile size 24421M (AvailPageFile size 34M)
current process WorkingSet (physical memory assigned to process): 94M, peak: 197M
current process commit charge ("private bytes"): 462M, peak: 465M

vm_info: OpenJDK 64-Bit Server VM (17.0.17+10) for windows-amd64 JRE (17.0.17+10), built on Oct 21 2025 23:25:32 by "admin" with unknown MS VC++:1942

END.
